#
# A fatal error has been detected by the Java Runtime Environment:
#
#  EXCEPTION_ACCESS_VIOLATION (0xc0000005) at pc=0x0000026c6e7a102f, pid=13920, tid=10756
#
# JRE version: Java(TM) SE Runtime Environment (21.0.2+13) (build 21.0.2+13-LTS-58)
# Java VM: Java HotSpot(TM) 64-Bit Server VM (21.0.2+13-LTS-58, mixed mode, emulated-client, sharing, tiered, compressed oops, compressed class ptrs, g1 gc, windows-amd64)
# Problematic frame:
# v  ~BufferBlob::MethodHandles adapters 0x0000026c6e7a102f
#
# No core dump will be written. Minidumps are not enabled by default on client versions of Windows
#
# If you would like to submit a bug report, please visit:
#   https://bugreport.java.com/bugreport/crash.jsp
#

---------------  S U M M A R Y ------------

Command Line: -XX:+ShowCodeDetailsInExceptionMessages -agentlib:jdwp=transport=dt_socket,suspend=y,address=localhost:52775 -Dcom.sun.management.jmxremote -Dcom.sun.management.jmxremote.port=52774 -Dcom.sun.management.jmxremote.authenticate=false -Dcom.sun.management.jmxremote.ssl=false -Djava.rmi.server.hostname=localhost -Dspring.jmx.enabled=true -Dmanagement.endpoints.jmx.exposure.include=* -Dspring.application.admin.enabled=true -XX:TieredStopAtLevel=1 -Dspring.boot.project.name=blog-app-apis -javaagent:C:\Users\Gaurang Dalvadi\Downloads\spring tool suite\sts-4.22.0.RELEASE\configuration\org.eclipse.osgi\266\0\.cp\lib\javaagent-shaded.jar -Dfile.encoding=UTF-8 -Dstdout.encoding=UTF-8 -Dstderr.encoding=UTF-8 com.gaurang.blog.BlogAppApisApplication --spring.output.ansi.enabled=always

Host: Intel(R) Core(TM) i3-10105T CPU @ 3.00GHz, 8 cores, 7G,  Windows 11 , 64 bit Build 22621 (10.0.22621.3374)
Time: Thu May 16 22:24:45 2024 India Standard Time elapsed time: 27.814226 seconds (0d 0h 0m 27s)

---------------  T H R E A D  ---------------

Current thread (0x0000026c76bcac30):  JavaThread "restartedMain"        [_thread_in_Java, id=10756, stack(0x000000baa7700000,0x000000baa7800000) (1024K)]

Stack: [0x000000baa7700000,0x000000baa7800000],  sp=0x000000baa77fbf98,  free space=1007k
Native frames: (J=compiled Java code, j=interpreted, Vv=VM code, C=native code)
C  0x0000026c6e7a102f

The last pc belongs to _linkToSpecial (printed below).

siginfo: EXCEPTION_ACCESS_VIOLATION (0xc0000005), reading address 0xffffffffffffffff


Registers:
RAX=0x0000026c6e779086, RBX=0x8c82b0a800000000, RCX=0x000000baa77fbfa0, RDX=0x0000000000000002
RSP=0x000000baa77fbf98, RBP=0x000000baa77fbfe8, RSI=0x0000026c7e508798, RDI=0x0000026c7df06750
R8 =0x0000000000000004, R9 =0x0000000000000004, R10=0x00007ffcba73c610, R11=0x0000026c000b6c70
R12=0x0000000000000000, R13=0x000000baa77fbf98, R14=0x000000baa77fc008, R15=0x0000026c76bcac30
RIP=0x0000026c6e7a102f, EFLAGS=0x0000000000010246


Register to memory mapping:

RAX=0x0000026c6e779086 is at code_begin+3078 in an Interpreter codelet
return entry points  [0x0000026c6e778480, 0x0000026c6e77a298]  7704 bytes
RBX=0x8c82b0a800000000 is an unknown value
RCX=0x000000baa77fbfa0 is pointing into the stack for thread: 0x0000026c76bcac30
RDX=0x0000000000000002 is an unknown value
RSP=0x000000baa77fbf98 is pointing into the stack for thread: 0x0000026c76bcac30
RBP=0x000000baa77fbfe8 is pointing into the stack for thread: 0x0000026c76bcac30
RSI=0x0000026c7e508798 points into unknown readable memory: 0x80003474a145ebfc | fc eb 45 a1 74 34 00 80
RDI=0x0000026c7df06750 points into unknown readable memory: 0x0000001800000070 | 70 00 00 00 18 00 00 00
R8 =0x0000000000000004 is an unknown value
R9 =0x0000000000000004 is an unknown value
R10=0x00007ffcba73c610 jvm.dll
R11={method} {0x0000026c000b6c78} 'newInvokeSpecial' '(Ljava/lang/Object;)Ljava/lang/Object;' in 'java/lang/invoke/DirectMethodHandle$Holder'
R12=0x0 is null
R13=0x000000baa77fbf98 is pointing into the stack for thread: 0x0000026c76bcac30
R14=0x000000baa77fc008 is pointing into the stack for thread: 0x0000026c76bcac30
R15=0x0000026c76bcac30 is a thread

Top of Stack: (sp=0x000000baa77fbf98)
0x000000baa77fbf98:   0000026c6e779086 000000baa77fbfa0
0x000000baa77fbfa8:   0000026c0072de87 0000000000000004
0x000000baa77fbfb8:   0000026c000b2128 00000000856ad5f0
0x000000baa77fbfc8:   0000000085347408 0000026c000b6c70
0x000000baa77fbfd8:   000000baa77fbf98 000000baa77fc010
0x000000baa77fbfe8:   000000baa77fc378 0000026c6eb0e683
0x000000baa77fbff8:   000000008c82afb0 000000008c82b058
0x000000baa77fc008:   000000008c82b010 000000008c82adc0
0x000000baa77fc018:   00007ffcb9ece1a8 000000baa77fc378
0x000000baa77fc028:   0000026c6f0921fc 0000026c76c55f20
0x000000baa77fc038:   0000026c76c55f20 0000026c00014350
0x000000baa77fc048:   0000026c76bcac30 000000000000103c
0x000000baa77fc058:   00007ffcba1b3a3f 0000026c7bd03f48
0x000000baa77fc068:   0000026c7bcdaa90 0000026c7bd21078
0x000000baa77fc078:   00007ffcba2b09d9 0000026c76c55f20
0x000000baa77fc088:   000000008537b028 00000000856ad5f0
0x000000baa77fc098:   000000008c82ac88 000000008c82ac88
0x000000baa77fc0a8:   000000008c82adc0 000000008c82b040
0x000000baa77fc0b8:   000000008c82ae18 00000000856ad5f0
0x000000baa77fc0c8:   0000000000000001 000000baa77fc378
0x000000baa77fc0d8:   0000026c00000000 0000000000000000
0x000000baa77fc0e8:   0000000000000000 000000008c82b010
0x000000baa77fc0f8:   0000026c6eb10adc 0000000000000000
0x000000baa77fc108:   0000000000000000 0000000000000000
0x000000baa77fc118:   0000026c7bd21000 0000026c76bcac30
0x000000baa77fc128:   0000000000000000 000000008c82adc0
0x000000baa77fc138:   0000000000000000 000000008c82ac88
0x000000baa77fc148:   000000008c82b040 000000008c82adc0
0x000000baa77fc158:   0000000000000000 0000026c6f3f8600
0x000000baa77fc168:   0000026c6eb0dbb4 000000baa77fc378
0x000000baa77fc178:   0000026c6eb0956a 0000000000000000
0x000000baa77fc188:   0000026c6ea60729 0000026c76bcac30 

Instructions: (pc=0x0000026c6e7a102f)
0x0000026c6e7a0f2f:   8b 5b 28 8b 5b 24 48 8b 5b 10 48 85 db 0f 84 10
0x0000026c6e7a0f3f:   00 00 00 41 80 bf e0 05 00 00 00 74 03 ff 63 38
0x0000026c6e7a0f4f:   ff 63 50 e9 a9 16 00 00 66 0f 1f 84 00 00 00 00
0x0000026c6e7a0f5f:   00 48 8b 53 08 0f b7 52 2e 48 8b 0c d4 58 5b 50
0x0000026c6e7a0f6f:   44 8b 51 08 49 bb 00 00 00 00 6c 02 00 00 4d 03
0x0000026c6e7a0f7f:   d3 4c 8b 5b 10 4b 8b 9c da c8 01 00 00 48 85 db
0x0000026c6e7a0f8f:   0f 84 10 00 00 00 41 80 bf e0 05 00 00 00 74 03
0x0000026c6e7a0f9f:   ff 63 38 ff 63 50 e9 56 16 00 00 66 66 66 0f 1f
0x0000026c6e7a0faf:   84 00 00 00 00 00 66 66 66 90 0f 1f 80 00 00 00
0x0000026c6e7a0fbf:   00 58 5b 50 8b 5b 24 48 8b 5b 10 48 85 db 0f 84
0x0000026c6e7a0fcf:   10 00 00 00 41 80 bf e0 05 00 00 00 74 03 ff 63
0x0000026c6e7a0fdf:   38 ff 63 50 e9 18 16 00 00 66 66 66 0f 1f 84 00
0x0000026c6e7a0fef:   00 00 00 00 66 66 66 90 66 0f 1f 84 00 00 00 00
0x0000026c6e7a0fff:   00 48 8b 53 08 0f b7 52 2e 48 8b 0c d4 58 5b 50
0x0000026c6e7a100f:   48 3b 01 8b 5b 24 48 8b 5b 10 48 85 db 0f 84 10
0x0000026c6e7a101f:   00 00 00 41 80 bf e0 05 00 00 00 74 03 ff 63 38
0x0000026c6e7a102f:   ff 63 50 e9 c9 15 00 00 66 0f 1f 84 00 00 00 00
0x0000026c6e7a103f:   00 48 8b 53 08 0f b7 52 2e 48 8b 0c d4 58 5b 50
0x0000026c6e7a104f:   44 8b 51 08 49 bb 00 00 00 00 6c 02 00 00 4d 03
0x0000026c6e7a105f:   d3 8b 43 18 48 8b 40 10 48 8b 5b 10 45 8b 9a a0
0x0000026c6e7a106f:   00 00 00 4f 8d 9c da c8 01 00 00 4d 8d 14 da 49
0x0000026c6e7a107f:   8b 1b 48 3b c3 74 15 48 85 db 0f 84 32 00 00 00
0x0000026c6e7a108f:   49 83 c3 10 49 8b 1b 48 3b c3 75 eb 45 8b 5b 08
0x0000026c6e7a109f:   4b 8b 1c 1a 48 85 db 0f 84 10 00 00 00 41 80 bf
0x0000026c6e7a10af:   e0 05 00 00 00 74 03 ff 63 38 ff 63 50 e9 3f 15
0x0000026c6e7a10bf:   00 00 e9 3a 12 00 00 f4 00 00 00 00 00 00 00 00
0x0000026c6e7a10cf:   00 00 00 00 00 00 00 00 00 00 00 00 00 00 00 00
0x0000026c6e7a10df:   00 00 00 00 00 00 00 00 00 00 00 00 00 00 00 00
0x0000026c6e7a10ef:   00 00 00 00 00 00 00 00 00 00 00 00 00 00 00 00
0x0000026c6e7a10ff:   00 00 00 00 00 00 00 00 00 00 00 00 00 00 00 00
0x0000026c6e7a110f:   00 00 00 00 00 00 00 00 00 00 00 00 00 00 00 00
0x0000026c6e7a111f:   00 00 00 00 00 00 00 00 00 00 00 00 00 00 00 00 


Stack slot to memory mapping:

stack at sp + 0 slots: 0x0000026c6e779086 is at code_begin+3078 in an Interpreter codelet
return entry points  [0x0000026c6e778480, 0x0000026c6e77a298]  7704 bytes
stack at sp + 1 slots: 0x000000baa77fbfa0 is pointing into the stack for thread: 0x0000026c76bcac30
stack at sp + 2 slots: 0x0000026c0072de87 is pointing into metadata
stack at sp + 3 slots: 0x0000000000000004 is an unknown value
stack at sp + 4 slots: 0x0000026c000b2128 is pointing into metadata
stack at sp + 5 slots: 0x00000000856ad5f0 is an oop: java.lang.Class 
{0x00000000856ad5f0} - klass: 'java/lang/Class'
 - ---- fields (total size 14 words):
 - private volatile transient 'classRedefinedCount' 'I' @12  0 (0x00000000)
 - injected 'klass' 'J' @16  2662899864088 (0x0000026c01335218)
 - injected 'array_klass' 'J' @24  0 (0x0000000000000000)
 - injected 'oop_size' 'I' @32  14 (0x0000000e)
 - injected 'static_oop_field_count' 'I' @36  0 (0x00000000)
 - private volatile transient 'cachedConstructor' 'Ljava/lang/reflect/Constructor;' @40  null (0x00000000)
 - private transient 'name' 'Ljava/lang/String;' @44  "com.gaurang.blog.security.CustomUserDetailService"{0x00000000856ad770} (0x856ad770)
 - private transient 'module' 'Ljava/lang/Module;' @48  a 'java/lang/Module'{0x000000008575fb10} (0x8575fb10)
 - private final 'classLoader' 'Ljava/lang/ClassLoader;' @52  a 'org/springframework/boot/devtools/restart/classloader/RestartClassLoader'{0x00000000857018b0} (0x857018b0)
 - private transient 'classData' 'Ljava/lang/Object;' @56  null (0x00000000)
 - private transient 'packageName' 'Ljava/lang/String;' @60  "com.gaurang.blog.security"{0x00000000856ad7d0} (0x856ad7d0)
 - private final 'componentType' 'Ljava/lang/Class;' @64  null (0x00000000)
 - private volatile transient 'reflectionData' 'Ljava/lang/ref/SoftReference;' @68  a 'java/lang/ref/SoftReference'{0x0000000085ff6348} (0x85ff6348)
 - private volatile transient 'genericInfo' 'Lsun/reflect/generics/repository/ClassRepository;' @72  null (0x00000000)
 - private volatile transient 'enumConstants' '[Ljava/lang/Object;' @76  null (0x00000000)
 - private volatile transient 'enumConstantDirectory' 'Ljava/util/Map;' @80  null (0x00000000)
 - private volatile transient 'annotationData' 'Ljava/lang/Class$AnnotationData;' @84  a 'java/lang/Class$AnnotationData'{0x0000000085ff61b8} (0x85ff61b8)
 - private volatile transient 'annotationType' 'Lsun/reflect/annotation/AnnotationType;' @88  null (0x00000000)
 - transient 'classValueMap' 'Ljava/lang/ClassValue$ClassValueMap;' @92  null (0x00000000)
 - injected 'protection_domain' 'Ljava/lang/Object;' @96  a 'java/security/ProtectionDomain'{0x00000000857b9c78} (0x857b9c78)
 - injected 'signers_name' 'Ljava/lang/Object;' @100  null (0x00000000)
 - injected 'source_file' 'Ljava/lang/Object;' @104  null (0x00000000)
 - signature: Lcom/gaurang/blog/security/CustomUserDetailService;
 - ---- static fields (0):
stack at sp + 6 slots: 0x0000000085347408 is an oop: java.lang.Class 
{0x0000000085347408} - klass: 'java/lang/Class'
 - ---- fields (total size 14 words):
 - private volatile transient 'classRedefinedCount' 'I' @12  0 (0x00000000)
 - injected 'klass' 'J' @16  2662880451832 (0x0000026c000b1cf8)
 - injected 'array_klass' 'J' @24  0 (0x0000000000000000)
 - injected 'oop_size' 'I' @32  14 (0x0000000e)
 - injected 'static_oop_field_count' 'I' @36  0 (0x00000000)
 - private volatile transient 'cachedConstructor' 'Ljava/lang/reflect/Constructor;' @40  null (0x00000000)
 - private transient 'name' 'Ljava/lang/String;' @44  null (0x00000000)
 - private transient 'module' 'Ljava/lang/Module;' @48  a 'java/lang/Module'{0x00000000852f0e58} (0x852f0e58)
 - private final 'classLoader' 'Ljava/lang/ClassLoader;' @52  null (0x00000000)
 - private transient 'classData' 'Ljava/lang/Object;' @56  null (0x00000000)
 - private transient 'packageName' 'Ljava/lang/String;' @60  null (0x00000000)
 - private final 'componentType' 'Ljava/lang/Class;' @64  null (0x00000000)
 - private volatile transient 'reflectionData' 'Ljava/lang/ref/SoftReference;' @68  null (0x00000000)
 - private volatile transient 'genericInfo' 'Lsun/reflect/generics/repository/ClassRepository;' @72  null (0x00000000)
 - private volatile transient 'enumConstants' '[Ljava/lang/Object;' @76  null (0x00000000)
 - private volatile transient 'enumConstantDirectory' 'Ljava/util/Map;' @80  null (0x00000000)
 - private volatile transient 'annotationData' 'Ljava/lang/Class$AnnotationData;' @84  null (0x00000000)
 - private volatile transient 'annotationType' 'Lsun/reflect/annotation/AnnotationType;' @88  null (0x00000000)
 - transient 'classValueMap' 'Ljava/lang/ClassValue$ClassValueMap;' @92  null (0x00000000)
 - injected 'protection_domain' 'Ljava/lang/Object;' @96  null (0x00000000)
 - injected 'signers_name' 'Ljava/lang/Object;' @100  null (0x00000000)
 - injected 'source_file' 'Ljava/lang/Object;' @104  null (0x00000000)
 - signature: Ljava/lang/invoke/DirectMethodHandle$Holder;
 - ---- static fields (0):
stack at sp + 7 slots: {method} {0x0000026c000b6c78} 'newInvokeSpecial' '(Ljava/lang/Object;)Ljava/lang/Object;' in 'java/lang/invoke/DirectMethodHandle$Holder'

MethodHandle::interpreter_entry::_linkToSpecial [0x0000026c6e7a0fe8, 0x0000026c6e7a1037] (79 bytes)
[MachCode]
  0x0000026c6e7a0fe8: 6666 660f | 1f84 0000 | 0000 0066 | 6666 9066 | 0f1f 8400 | 0000 0000 | 488b 5308 | 0fb7 522e 
  0x0000026c6e7a1008: 488b 0cd4 | 585b 5048 | 3b01 8b5b | 2448 8b5b | 1048 85db | 0f84 1000 | 0000 4180 | bfe0 0500 
  0x0000026c6e7a1028: 0000 7403 | ff63 38ff | 6350 e9c9 | 
[/MachCode]

---------------  P R O C E S S  ---------------

Threads class SMR info:
_java_thread_list=0x0000026c7e1d4ad0, length=27, elements={
0x0000026c640d40b0, 0x0000026c76976b00, 0x0000026c76979830, 0x0000026c7697df80,
0x0000026c7697e9e0, 0x0000026c7697f440, 0x0000026c76986680, 0x0000026c76996e60,
0x0000026c76bc91f0, 0x0000026c76c2d750, 0x0000026c76c4ef40, 0x0000026c76c516e0,
0x0000026c76bc9880, 0x0000026c76bcb2c0, 0x0000026c76bcc670, 0x0000026c76bc9f10,
0x0000026c76bca5a0, 0x0000026c76bcac30, 0x0000026c76bcbfe0, 0x0000026c7bf8def0,
0x0000026c7bf8cb40, 0x0000026c7bf8f930, 0x0000026c7bf8ffc0, 0x0000026c7bf90650,
0x0000026c7bf90ce0, 0x0000026c7bf89d50, 0x0000026c7bf8b100
}

Java Threads: ( => current thread )
  0x0000026c640d40b0 JavaThread "main"                              [_thread_blocked, id=17700, stack(0x000000baa5500000,0x000000baa5600000) (1024K)]
  0x0000026c76976b00 JavaThread "Reference Handler"          daemon [_thread_blocked, id=10628, stack(0x000000baa5e00000,0x000000baa5f00000) (1024K)]
  0x0000026c76979830 JavaThread "Finalizer"                  daemon [_thread_blocked, id=5384, stack(0x000000baa5f00000,0x000000baa6000000) (1024K)]
  0x0000026c7697df80 JavaThread "Signal Dispatcher"          daemon [_thread_blocked, id=2692, stack(0x000000baa6000000,0x000000baa6100000) (1024K)]
  0x0000026c7697e9e0 JavaThread "Attach Listener"            daemon [_thread_blocked, id=9520, stack(0x000000baa6100000,0x000000baa6200000) (1024K)]
  0x0000026c7697f440 JavaThread "Service Thread"             daemon [_thread_blocked, id=3784, stack(0x000000baa6200000,0x000000baa6300000) (1024K)]
  0x0000026c76986680 JavaThread "Monitor Deflation Thread"   daemon [_thread_blocked, id=15380, stack(0x000000baa6300000,0x000000baa6400000) (1024K)]
  0x0000026c76996e60 JavaThread "C1 CompilerThread0"         daemon [_thread_blocked, id=20232, stack(0x000000baa6400000,0x000000baa6500000) (1024K)]
  0x0000026c76bc91f0 JavaThread "Common-Cleaner"             daemon [_thread_blocked, id=13564, stack(0x000000baa6500000,0x000000baa6600000) (1024K)]
  0x0000026c76c2d750 JavaThread "JDWP Transport Listener: dt_socket" daemon [_thread_blocked, id=1288, stack(0x000000baa6800000,0x000000baa6900000) (1024K)]
  0x0000026c76c4ef40 JavaThread "JDWP Event Helper Thread"   daemon [_thread_blocked, id=7048, stack(0x000000baa6900000,0x000000baa6a00000) (1024K)]
  0x0000026c76c516e0 JavaThread "JDWP Command Reader"        daemon [_thread_blocked, id=20544, stack(0x000000baa6a00000,0x000000baa6b00000) (1024K)]
  0x0000026c76bc9880 JavaThread "Notification Thread"        daemon [_thread_blocked, id=5116, stack(0x000000baa6b00000,0x000000baa6c00000) (1024K)]
  0x0000026c76bcb2c0 JavaThread "RMI TCP Accept-0"           daemon [_thread_in_native, id=12328, stack(0x000000baa6c00000,0x000000baa6d00000) (1024K)]
  0x0000026c76bcc670 JavaThread "RMI TCP Accept-52774"       daemon [_thread_in_native, id=12216, stack(0x000000baa6d00000,0x000000baa6e00000) (1024K)]
  0x0000026c76bc9f10 JavaThread "RMI TCP Accept-0"           daemon [_thread_in_native, id=12520, stack(0x000000baa6e00000,0x000000baa6f00000) (1024K)]
  0x0000026c76bca5a0 JavaThread "Thread-0"                          [_thread_blocked, id=14112, stack(0x000000baa7600000,0x000000baa7700000) (1024K)]
=>0x0000026c76bcac30 JavaThread "restartedMain"                     [_thread_in_Java, id=10756, stack(0x000000baa7700000,0x000000baa7800000) (1024K)]
  0x0000026c76bcbfe0 JavaThread "RMI TCP Connection(1)-127.0.0.1" daemon [_thread_in_native, id=8908, stack(0x000000baa7900000,0x000000baa7a00000) (1024K)]
  0x0000026c7bf8def0 JavaThread "RMI Scheduler(0)"           daemon [_thread_blocked, id=13024, stack(0x000000baa7a00000,0x000000baa7b00000) (1024K)]
  0x0000026c7bf8cb40 JavaThread "RMI TCP Connection(2)-127.0.0.1" daemon [_thread_in_native, id=16596, stack(0x000000baa7b00000,0x000000baa7c00000) (1024K)]
  0x0000026c7bf8f930 JavaThread "JMX server connection timeout 43" daemon [_thread_blocked, id=2992, stack(0x000000baa7c00000,0x000000baa7d00000) (1024K)]
  0x0000026c7bf8ffc0 JavaThread "Catalina-utility-1"                [_thread_blocked, id=16308, stack(0x000000baa7800000,0x000000baa7900000) (1024K)]
  0x0000026c7bf90650 JavaThread "Catalina-utility-2"                [_thread_blocked, id=16624, stack(0x000000baa7f00000,0x000000baa8000000) (1024K)]
  0x0000026c7bf90ce0 JavaThread "container-0"                       [_thread_blocked, id=21352, stack(0x000000baa8000000,0x000000baa8100000) (1024K)]
  0x0000026c7bf89d50 JavaThread "mysql-cj-abandoned-connection-cleanup" daemon [_thread_blocked, id=8808, stack(0x000000baa8100000,0x000000baa8200000) (1024K)]
  0x0000026c7bf8b100 JavaThread "HikariPool-1 housekeeper"   daemon [_thread_blocked, id=21400, stack(0x000000baa8300000,0x000000baa8400000) (1024K)]
Total: 27

Other Threads:
  0x0000026c7695a390 VMThread "VM Thread"                           [id=7856, stack(0x000000baa5d00000,0x000000baa5e00000) (1024K)] _threads_hazard_ptr=0x0000026c7e1d4ad0
  0x0000026c76944110 WatcherThread "VM Periodic Task Thread"        [id=15728, stack(0x000000baa5c00000,0x000000baa5d00000) (1024K)]
  0x0000026c66397a40 WorkerThread "GC Thread#0"                     [id=20572, stack(0x000000baa5700000,0x000000baa5800000) (1024K)]
  0x0000026c7b722520 WorkerThread "GC Thread#1"                     [id=12516, stack(0x000000baa6f00000,0x000000baa7000000) (1024K)]
  0x0000026c7b74ab40 WorkerThread "GC Thread#2"                     [id=19368, stack(0x000000baa7000000,0x000000baa7100000) (1024K)]
  0x0000026c7b74aee0 WorkerThread "GC Thread#3"                     [id=9764, stack(0x000000baa7100000,0x000000baa7200000) (1024K)]
  0x0000026c7b74f690 WorkerThread "GC Thread#4"                     [id=19008, stack(0x000000baa7200000,0x000000baa7300000) (1024K)]
  0x0000026c7b752250 WorkerThread "GC Thread#5"                     [id=6968, stack(0x000000baa7300000,0x000000baa7400000) (1024K)]
  0x0000026c7b7525f0 WorkerThread "GC Thread#6"                     [id=17968, stack(0x000000baa7400000,0x000000baa7500000) (1024K)]
  0x0000026c7b752da0 WorkerThread "GC Thread#7"                     [id=4256, stack(0x000000baa7500000,0x000000baa7600000) (1024K)]
  0x0000026c663a8b90 ConcurrentGCThread "G1 Main Marker"            [id=6244, stack(0x000000baa5800000,0x000000baa5900000) (1024K)]
  0x0000026c663aa270 WorkerThread "G1 Conc#0"                       [id=10624, stack(0x000000baa5900000,0x000000baa5a00000) (1024K)]
  0x0000026c7c477230 WorkerThread "G1 Conc#1"                       [id=20908, stack(0x000000baa7d00000,0x000000baa7e00000) (1024K)]
  0x0000026c768109d0 ConcurrentGCThread "G1 Refine#0"               [id=20672, stack(0x000000baa5a00000,0x000000baa5b00000) (1024K)]
  0x0000026c76811540 ConcurrentGCThread "G1 Service"                [id=10432, stack(0x000000baa5b00000,0x000000baa5c00000) (1024K)]
Total: 15

Threads with active compile tasks:
Total: 0

VM state: synchronizing (normal execution)

VM Mutex/Monitor currently owned by a thread:  ([mutex/lock_event])
[0x00007ffcba72cd68] Threads_lock - owner thread: 0x0000026c7695a390

Heap address: 0x0000000084e00000, size: 1970 MB, Compressed Oops mode: 32-bit

CDS archive(s) mapped at: [0x0000026c00000000-0x0000026c00c90000-0x0000026c00c90000), size 13172736, SharedBaseAddress: 0x0000026c00000000, ArchiveRelocationMode: 1.
Compressed class space mapped at: 0x0000026c01000000-0x0000026c41000000, reserved size: 1073741824
Narrow klass base: 0x0000026c00000000, Narrow klass shift: 0, Narrow klass range: 0x100000000

GC Precious Log:
 CardTable entry size: 512
 Card Set container configuration: InlinePtr #cards 5 size 8 Array Of Cards #cards 12 size 40 Howl #buckets 4 coarsen threshold 1843 Howl Bitmap #cards 512 size 80 coarsen threshold 460 Card regions per heap region 1 cards per card region 2048
 CPUs: 8 total, 8 available
 Memory: 7872M
 Large Page Support: Disabled
 NUMA Support: Disabled
 Compressed Oops: Enabled (32-bit)
 Heap Region Size: 1M
 Heap Min Capacity: 8M
 Heap Initial Capacity: 124M
 Heap Max Capacity: 1970M
 Pre-touch: Disabled
 Parallel Workers: 8
 Concurrent Workers: 2
 Concurrent Refinement Workers: 8
 Periodic GC: Disabled

Heap:
 garbage-first heap   total 96256K, used 31086K [0x0000000084e00000, 0x0000000100000000)
  region size 1024K, 7 young (7168K), 4 survivors (4096K)
 Metaspace       used 62438K, committed 63168K, reserved 1114112K
  class space    used 8752K, committed 9088K, reserved 1048576K

Heap Regions: E=young(eden), S=young(survivor), O=old, HS=humongous(starts), HC=humongous(continues), CS=collection set, F=free, TAMS=top-at-mark-start, PB=parsable bottom
|   0|0x0000000084e00000, 0x0000000084f00000, 0x0000000084f00000|100%|HS|  |TAMS 0x0000000084e00000| PB 0x0000000084e00000| Complete 
|   1|0x0000000084f00000, 0x0000000085000000, 0x0000000085000000|100%| O|  |TAMS 0x0000000084f00000| PB 0x0000000084f00000| Untracked 
|   2|0x0000000085000000, 0x0000000085100000, 0x0000000085100000|100%| O|  |TAMS 0x0000000085000000| PB 0x0000000085000000| Untracked 
|   3|0x0000000085100000, 0x0000000085200000, 0x0000000085200000|100%| O|  |TAMS 0x0000000085100000| PB 0x0000000085100000| Untracked 
|   4|0x0000000085200000, 0x0000000085300000, 0x0000000085300000|100%| O|  |TAMS 0x0000000085200000| PB 0x0000000085200000| Untracked 
|   5|0x0000000085300000, 0x0000000085400000, 0x0000000085400000|100%| O|  |TAMS 0x0000000085300000| PB 0x0000000085300000| Untracked 
|   6|0x0000000085400000, 0x0000000085500000, 0x0000000085500000|100%| O|  |TAMS 0x0000000085400000| PB 0x0000000085400000| Untracked 
|   7|0x0000000085500000, 0x0000000085600000, 0x0000000085600000|100%| O|  |TAMS 0x0000000085500000| PB 0x0000000085500000| Untracked 
|   8|0x0000000085600000, 0x0000000085700000, 0x0000000085700000|100%| O|Cm|TAMS 0x0000000085600000| PB 0x0000000085600000| Complete 
|   9|0x0000000085700000, 0x0000000085800000, 0x0000000085800000|100%| O|  |TAMS 0x0000000085700000| PB 0x0000000085700000| Untracked 
|  10|0x0000000085800000, 0x0000000085900000, 0x0000000085900000|100%| O|  |TAMS 0x0000000085800000| PB 0x0000000085800000| Untracked 
|  11|0x0000000085900000, 0x0000000085a00000, 0x0000000085a00000|100%| O|  |TAMS 0x0000000085900000| PB 0x0000000085900000| Untracked 
|  12|0x0000000085a00000, 0x0000000085b00000, 0x0000000085b00000|100%| O|  |TAMS 0x0000000085a00000| PB 0x0000000085a00000| Untracked 
|  13|0x0000000085b00000, 0x0000000085c00000, 0x0000000085c00000|100%| O|Cm|TAMS 0x0000000085b00000| PB 0x0000000085b00000| Complete 
|  14|0x0000000085c00000, 0x0000000085d00000, 0x0000000085d00000|100%| O|  |TAMS 0x0000000085c00000| PB 0x0000000085c00000| Untracked 
|  15|0x0000000085d00000, 0x0000000085e00000, 0x0000000085e00000|100%| O|  |TAMS 0x0000000085d00000| PB 0x0000000085d00000| Untracked 
|  16|0x0000000085e00000, 0x0000000085f00000, 0x0000000085f00000|100%| O|  |TAMS 0x0000000085e00000| PB 0x0000000085e00000| Untracked 
|  17|0x0000000085f00000, 0x0000000086000000, 0x0000000086000000|100%| O|  |TAMS 0x0000000085f00000| PB 0x0000000085f00000| Untracked 
|  18|0x0000000086000000, 0x0000000086100000, 0x0000000086100000|100%| O|  |TAMS 0x0000000086000000| PB 0x0000000086000000| Untracked 
|  19|0x0000000086100000, 0x0000000086200000, 0x0000000086200000|100%| O|  |TAMS 0x0000000086100000| PB 0x0000000086100000| Untracked 
|  20|0x0000000086200000, 0x0000000086300000, 0x0000000086300000|100%| O|  |TAMS 0x0000000086200000| PB 0x0000000086200000| Untracked 
|  21|0x0000000086300000, 0x0000000086400000, 0x0000000086400000|100%| O|  |TAMS 0x0000000086300000| PB 0x0000000086300000| Untracked 
|  22|0x0000000086400000, 0x0000000086500000, 0x0000000086500000|100%| O|  |TAMS 0x0000000086400000| PB 0x0000000086400000| Untracked 
|  23|0x0000000086500000, 0x0000000086600000, 0x0000000086600000|100%| O|  |TAMS 0x0000000086500000| PB 0x0000000086500000| Untracked 
|  24|0x0000000086600000, 0x000000008666baa8, 0x0000000086700000| 42%| O|  |TAMS 0x0000000086600000| PB 0x0000000086600000| Untracked 
|  25|0x0000000086700000, 0x0000000086700000, 0x0000000086800000|  0%| F|  |TAMS 0x0000000086700000| PB 0x0000000086700000| Untracked 
|  26|0x0000000086800000, 0x0000000086800000, 0x0000000086900000|  0%| F|  |TAMS 0x0000000086800000| PB 0x0000000086800000| Untracked 
|  27|0x0000000086900000, 0x0000000086900000, 0x0000000086a00000|  0%| F|  |TAMS 0x0000000086900000| PB 0x0000000086900000| Untracked 
|  28|0x0000000086a00000, 0x0000000086a00000, 0x0000000086b00000|  0%| F|  |TAMS 0x0000000086a00000| PB 0x0000000086a00000| Untracked 
|  29|0x0000000086b00000, 0x0000000086b00000, 0x0000000086c00000|  0%| F|  |TAMS 0x0000000086b00000| PB 0x0000000086b00000| Untracked 
|  30|0x0000000086c00000, 0x0000000086c00000, 0x0000000086d00000|  0%| F|  |TAMS 0x0000000086c00000| PB 0x0000000086c00000| Untracked 
|  31|0x0000000086d00000, 0x0000000086d00000, 0x0000000086e00000|  0%| F|  |TAMS 0x0000000086d00000| PB 0x0000000086d00000| Untracked 
|  32|0x0000000086e00000, 0x0000000086e00000, 0x0000000086f00000|  0%| F|  |TAMS 0x0000000086e00000| PB 0x0000000086e00000| Untracked 
|  33|0x0000000086f00000, 0x0000000086f00000, 0x0000000087000000|  0%| F|  |TAMS 0x0000000086f00000| PB 0x0000000086f00000| Untracked 
|  34|0x0000000087000000, 0x00000000870f0080, 0x0000000087100000| 93%| S|CS|TAMS 0x0000000087000000| PB 0x0000000087000000| Complete 
|  35|0x0000000087100000, 0x0000000087200000, 0x0000000087200000|100%| S|CS|TAMS 0x0000000087100000| PB 0x0000000087100000| Complete 
|  36|0x0000000087200000, 0x0000000087300000, 0x0000000087300000|100%| S|CS|TAMS 0x0000000087200000| PB 0x0000000087200000| Complete 
|  37|0x0000000087300000, 0x0000000087400000, 0x0000000087400000|100%| S|CS|TAMS 0x0000000087300000| PB 0x0000000087300000| Complete 
|  38|0x0000000087400000, 0x0000000087400000, 0x0000000087500000|  0%| F|  |TAMS 0x0000000087400000| PB 0x0000000087400000| Untracked 
|  39|0x0000000087500000, 0x0000000087500000, 0x0000000087600000|  0%| F|  |TAMS 0x0000000087500000| PB 0x0000000087500000| Untracked 
|  40|0x0000000087600000, 0x0000000087600000, 0x0000000087700000|  0%| F|  |TAMS 0x0000000087600000| PB 0x0000000087600000| Untracked 
|  41|0x0000000087700000, 0x0000000087700000, 0x0000000087800000|  0%| F|  |TAMS 0x0000000087700000| PB 0x0000000087700000| Untracked 
|  42|0x0000000087800000, 0x0000000087800000, 0x0000000087900000|  0%| F|  |TAMS 0x0000000087800000| PB 0x0000000087800000| Untracked 
|  43|0x0000000087900000, 0x0000000087900000, 0x0000000087a00000|  0%| F|  |TAMS 0x0000000087900000| PB 0x0000000087900000| Untracked 
|  44|0x0000000087a00000, 0x0000000087a00000, 0x0000000087b00000|  0%| F|  |TAMS 0x0000000087a00000| PB 0x0000000087a00000| Untracked 
|  45|0x0000000087b00000, 0x0000000087b00000, 0x0000000087c00000|  0%| F|  |TAMS 0x0000000087b00000| PB 0x0000000087b00000| Untracked 
|  46|0x0000000087c00000, 0x0000000087c00000, 0x0000000087d00000|  0%| F|  |TAMS 0x0000000087c00000| PB 0x0000000087c00000| Untracked 
|  47|0x0000000087d00000, 0x0000000087d00000, 0x0000000087e00000|  0%| F|  |TAMS 0x0000000087d00000| PB 0x0000000087d00000| Untracked 
|  48|0x0000000087e00000, 0x0000000087e00000, 0x0000000087f00000|  0%| F|  |TAMS 0x0000000087e00000| PB 0x0000000087e00000| Untracked 
|  49|0x0000000087f00000, 0x0000000087f00000, 0x0000000088000000|  0%| F|  |TAMS 0x0000000087f00000| PB 0x0000000087f00000| Untracked 
|  50|0x0000000088000000, 0x0000000088000000, 0x0000000088100000|  0%| F|  |TAMS 0x0000000088000000| PB 0x0000000088000000| Untracked 
|  51|0x0000000088100000, 0x0000000088100000, 0x0000000088200000|  0%| F|  |TAMS 0x0000000088100000| PB 0x0000000088100000| Untracked 
|  52|0x0000000088200000, 0x0000000088200000, 0x0000000088300000|  0%| F|  |TAMS 0x0000000088200000| PB 0x0000000088200000| Untracked 
|  53|0x0000000088300000, 0x0000000088300000, 0x0000000088400000|  0%| F|  |TAMS 0x0000000088300000| PB 0x0000000088300000| Untracked 
|  54|0x0000000088400000, 0x0000000088400000, 0x0000000088500000|  0%| F|  |TAMS 0x0000000088400000| PB 0x0000000088400000| Untracked 
|  55|0x0000000088500000, 0x0000000088500000, 0x0000000088600000|  0%| F|  |TAMS 0x0000000088500000| PB 0x0000000088500000| Untracked 
|  56|0x0000000088600000, 0x0000000088600000, 0x0000000088700000|  0%| F|  |TAMS 0x0000000088600000| PB 0x0000000088600000| Untracked 
|  57|0x0000000088700000, 0x0000000088700000, 0x0000000088800000|  0%| F|  |TAMS 0x0000000088700000| PB 0x0000000088700000| Untracked 
|  58|0x0000000088800000, 0x0000000088800000, 0x0000000088900000|  0%| F|  |TAMS 0x0000000088800000| PB 0x0000000088800000| Untracked 
|  59|0x0000000088900000, 0x0000000088900000, 0x0000000088a00000|  0%| F|  |TAMS 0x0000000088900000| PB 0x0000000088900000| Untracked 
|  60|0x0000000088a00000, 0x0000000088a00000, 0x0000000088b00000|  0%| F|  |TAMS 0x0000000088a00000| PB 0x0000000088a00000| Untracked 
|  61|0x0000000088b00000, 0x0000000088b00000, 0x0000000088c00000|  0%| F|  |TAMS 0x0000000088b00000| PB 0x0000000088b00000| Untracked 
|  62|0x0000000088c00000, 0x0000000088c00000, 0x0000000088d00000|  0%| F|  |TAMS 0x0000000088c00000| PB 0x0000000088c00000| Untracked 
|  63|0x0000000088d00000, 0x0000000088d00000, 0x0000000088e00000|  0%| F|  |TAMS 0x0000000088d00000| PB 0x0000000088d00000| Untracked 
|  64|0x0000000088e00000, 0x0000000088e00000, 0x0000000088f00000|  0%| F|  |TAMS 0x0000000088e00000| PB 0x0000000088e00000| Untracked 
|  65|0x0000000088f00000, 0x0000000088f00000, 0x0000000089000000|  0%| F|  |TAMS 0x0000000088f00000| PB 0x0000000088f00000| Untracked 
|  66|0x0000000089000000, 0x0000000089000000, 0x0000000089100000|  0%| F|  |TAMS 0x0000000089000000| PB 0x0000000089000000| Untracked 
|  67|0x0000000089100000, 0x0000000089100000, 0x0000000089200000|  0%| F|  |TAMS 0x0000000089100000| PB 0x0000000089100000| Untracked 
|  68|0x0000000089200000, 0x0000000089200000, 0x0000000089300000|  0%| F|  |TAMS 0x0000000089200000| PB 0x0000000089200000| Untracked 
|  69|0x0000000089300000, 0x0000000089300000, 0x0000000089400000|  0%| F|  |TAMS 0x0000000089300000| PB 0x0000000089300000| Untracked 
|  70|0x0000000089400000, 0x0000000089400000, 0x0000000089500000|  0%| F|  |TAMS 0x0000000089400000| PB 0x0000000089400000| Untracked 
|  71|0x0000000089500000, 0x0000000089500000, 0x0000000089600000|  0%| F|  |TAMS 0x0000000089500000| PB 0x0000000089500000| Untracked 
|  72|0x0000000089600000, 0x0000000089600000, 0x0000000089700000|  0%| F|  |TAMS 0x0000000089600000| PB 0x0000000089600000| Untracked 
|  73|0x0000000089700000, 0x0000000089700000, 0x0000000089800000|  0%| F|  |TAMS 0x0000000089700000| PB 0x0000000089700000| Untracked 
|  74|0x0000000089800000, 0x0000000089800000, 0x0000000089900000|  0%| F|  |TAMS 0x0000000089800000| PB 0x0000000089800000| Untracked 
|  75|0x0000000089900000, 0x0000000089900000, 0x0000000089a00000|  0%| F|  |TAMS 0x0000000089900000| PB 0x0000000089900000| Untracked 
|  76|0x0000000089a00000, 0x0000000089a00000, 0x0000000089b00000|  0%| F|  |TAMS 0x0000000089a00000| PB 0x0000000089a00000| Untracked 
|  77|0x0000000089b00000, 0x0000000089b00000, 0x0000000089c00000|  0%| F|  |TAMS 0x0000000089b00000| PB 0x0000000089b00000| Untracked 
|  78|0x0000000089c00000, 0x0000000089c00000, 0x0000000089d00000|  0%| F|  |TAMS 0x0000000089c00000| PB 0x0000000089c00000| Untracked 
|  79|0x0000000089d00000, 0x0000000089d00000, 0x0000000089e00000|  0%| F|  |TAMS 0x0000000089d00000| PB 0x0000000089d00000| Untracked 
|  80|0x0000000089e00000, 0x0000000089e00000, 0x0000000089f00000|  0%| F|  |TAMS 0x0000000089e00000| PB 0x0000000089e00000| Untracked 
|  81|0x0000000089f00000, 0x0000000089f00000, 0x000000008a000000|  0%| F|  |TAMS 0x0000000089f00000| PB 0x0000000089f00000| Untracked 
|  82|0x000000008a000000, 0x000000008a000000, 0x000000008a100000|  0%| F|  |TAMS 0x000000008a000000| PB 0x000000008a000000| Untracked 
|  83|0x000000008a100000, 0x000000008a100000, 0x000000008a200000|  0%| F|  |TAMS 0x000000008a100000| PB 0x000000008a100000| Untracked 
|  84|0x000000008a200000, 0x000000008a200000, 0x000000008a300000|  0%| F|  |TAMS 0x000000008a200000| PB 0x000000008a200000| Untracked 
|  85|0x000000008a300000, 0x000000008a300000, 0x000000008a400000|  0%| F|  |TAMS 0x000000008a300000| PB 0x000000008a300000| Untracked 
|  86|0x000000008a400000, 0x000000008a400000, 0x000000008a500000|  0%| F|  |TAMS 0x000000008a400000| PB 0x000000008a400000| Untracked 
|  87|0x000000008a500000, 0x000000008a500000, 0x000000008a600000|  0%| F|  |TAMS 0x000000008a500000| PB 0x000000008a500000| Untracked 
|  88|0x000000008a600000, 0x000000008a600000, 0x000000008a700000|  0%| F|  |TAMS 0x000000008a600000| PB 0x000000008a600000| Untracked 
|  89|0x000000008a700000, 0x000000008a700000, 0x000000008a800000|  0%| F|  |TAMS 0x000000008a700000| PB 0x000000008a700000| Untracked 
|  90|0x000000008a800000, 0x000000008a800000, 0x000000008a900000|  0%| F|  |TAMS 0x000000008a800000| PB 0x000000008a800000| Untracked 
|  91|0x000000008a900000, 0x000000008a9ea0e0, 0x000000008aa00000| 91%| E|  |TAMS 0x000000008a900000| PB 0x000000008a900000| Complete 
| 122|0x000000008c800000, 0x000000008c900000, 0x000000008c900000|100%| E|CS|TAMS 0x000000008c800000| PB 0x000000008c800000| Complete 
| 123|0x000000008c900000, 0x000000008ca00000, 0x000000008ca00000|100%| E|CS|TAMS 0x000000008c900000| PB 0x000000008c900000| Complete 

Card table byte_map: [0x0000026c71c70000,0x0000026c72050000] _byte_map_base: 0x0000026c71849000

Marking Bits: (CMBitMap*) 0x0000026c66398140
 Bits: [0x0000026c72050000, 0x0000026c73f18000)

Polling page: 0x0000026c641a0000

Metaspace:

Usage:
  Non-class:     52.43 MB used.
      Class:      8.55 MB used.
       Both:     60.98 MB used.

Virtual space:
  Non-class space:       64.00 MB reserved,      52.81 MB ( 83%) committed,  1 nodes.
      Class space:        1.00 GB reserved,       8.88 MB ( <1%) committed,  1 nodes.
             Both:        1.06 GB reserved,      61.69 MB (  6%) committed. 

Chunk freelists:
   Non-Class:  11.16 MB
       Class:  7.11 MB
        Both:  18.27 MB

MaxMetaspaceSize: unlimited
CompressedClassSpaceSize: 1.00 GB
Initial GC threshold: 21.00 MB
Current GC threshold: 95.12 MB
CDS: on
 - commit_granule_bytes: 65536.
 - commit_granule_words: 8192.
 - virtual_space_node_default_size: 8388608.
 - enlarge_chunks_in_place: 1.
 - use_allocation_guard: 0.


Internal statistics:

num_allocs_failed_limit: 6.
num_arena_births: 928.
num_arena_deaths: 0.
num_vsnodes_births: 2.
num_vsnodes_deaths: 0.
num_space_committed: 987.
num_space_uncommitted: 0.
num_chunks_returned_to_freelist: 6.
num_chunks_taken_from_freelist: 3047.
num_chunk_merges: 6.
num_chunk_splits: 2184.
num_chunks_enlarged: 1663.
num_inconsistent_stats: 0.

CodeCache: size=49152Kb used=11305Kb max_used=12855Kb free=37846Kb
 bounds [0x0000026c6e770000, 0x0000026c6f400000, 0x0000026c71770000]
 total_blobs=6634 nmethods=5907 adapters=648
 compilation: enabled
              stopped_count=0, restarted_count=0
 full_count=0

Compilation events (20 events):
Event: 23.343 Thread 0x0000026c76996e60 5970       1       java.io.ObjectInputStream$HandleTable::markDependency (175 bytes)
Event: 23.344 Thread 0x0000026c76996e60 nmethod 5970 0x0000026c6ef16710 code [0x0000026c6ef16940, 0x0000026c6ef16f30]
Event: 23.344 Thread 0x0000026c76996e60 5972       1       jdk.internal.logger.LazyLoggers$LazyLoggerWrapper::wrapped (10 bytes)
Event: 23.345 Thread 0x0000026c76996e60 nmethod 5972 0x0000026c6ef16310 code [0x0000026c6ef164c0, 0x0000026c6ef165f0]
Event: 23.345 Thread 0x0000026c76996e60 5973   !   1       jdk.internal.logger.LazyLoggers$LazyLoggerAccessor::wrapped (41 bytes)
Event: 23.345 Thread 0x0000026c76996e60 nmethod 5973 0x0000026c6ef15e10 code [0x0000026c6ef15fc0, 0x0000026c6ef16258]
Event: 23.345 Thread 0x0000026c76996e60 5971       1       javax.management.ObjectName::addProperty (80 bytes)
Event: 23.346 Thread 0x0000026c76996e60 nmethod 5971 0x0000026c6ef15490 code [0x0000026c6ef156a0, 0x0000026c6ef15bc0]
Event: 23.346 Thread 0x0000026c76996e60 5974       1       jdk.internal.logger.AbstractLoggerWrapper::isLoggable (11 bytes)
Event: 23.346 Thread 0x0000026c76996e60 nmethod 5974 0x0000026c6ef15110 code [0x0000026c6ef152c0, 0x0000026c6ef153f0]
Event: 24.846 Thread 0x0000026c76996e60 5975   !   1       java.io.ObjectInputStream::readObject (160 bytes)
Event: 24.848 Thread 0x0000026c76996e60 nmethod 5975 0x0000026c6ef14310 code [0x0000026c6ef14540, 0x0000026c6ef14a88]
Event: 24.848 Thread 0x0000026c76996e60 5976       1       java.io.ObjectInputStream$BlockDataInputStream::currentBlockRemaining (41 bytes)
Event: 24.848 Thread 0x0000026c76996e60 nmethod 5976 0x0000026c6ef13f10 code [0x0000026c6ef140c0, 0x0000026c6ef14270]
Event: 25.381 Thread 0x0000026c76996e60 5977       1       java.io.FilterOutputStream::<init> (21 bytes)
Event: 25.381 Thread 0x0000026c76996e60 nmethod 5977 0x0000026c6ef13b10 code [0x0000026c6ef13cc0, 0x0000026c6ef13e78]
Event: 25.931 Thread 0x0000026c76996e60 5978       1       jdk.internal.util.ByteArray::getLong (9 bytes)
Event: 25.932 Thread 0x0000026c76996e60 nmethod 5978 0x0000026c6ef13610 code [0x0000026c6ef137c0, 0x0000026c6ef13910]
Event: 26.435 Thread 0x0000026c76996e60 5979       1       java.io.ObjectInputStream$FilterValues::depth (5 bytes)
Event: 26.435 Thread 0x0000026c76996e60 nmethod 5979 0x0000026c6ef13310 code [0x0000026c6ef134a0, 0x0000026c6ef13568]

GC Heap History (20 events):
Event: 1.819 GC heap before
{Heap before GC invocations=7 (full 0):
 garbage-first heap   total 66560K, used 52450K [0x0000000084e00000, 0x0000000100000000)
  region size 1024K, 39 young (39936K), 3 survivors (3072K)
 Metaspace       used 26765K, committed 27136K, reserved 1114112K
  class space    used 3556K, committed 3712K, reserved 1048576K
}
Event: 1.822 GC heap after
{Heap after GC invocations=8 (full 0):
 garbage-first heap   total 66560K, used 18271K [0x0000000084e00000, 0x0000000100000000)
  region size 1024K, 4 young (4096K), 4 survivors (4096K)
 Metaspace       used 26765K, committed 27136K, reserved 1114112K
  class space    used 3556K, committed 3712K, reserved 1048576K
}
Event: 2.139 GC heap before
{Heap before GC invocations=8 (full 0):
 garbage-first heap   total 66560K, used 53087K [0x0000000084e00000, 0x0000000100000000)
  region size 1024K, 39 young (39936K), 4 survivors (4096K)
 Metaspace       used 29462K, committed 29952K, reserved 1114112K
  class space    used 3967K, committed 4160K, reserved 1048576K
}
Event: 2.142 GC heap after
{Heap after GC invocations=9 (full 0):
 garbage-first heap   total 66560K, used 19953K [0x0000000084e00000, 0x0000000100000000)
  region size 1024K, 4 young (4096K), 4 survivors (4096K)
 Metaspace       used 29462K, committed 29952K, reserved 1114112K
  class space    used 3967K, committed 4160K, reserved 1048576K
}
Event: 2.401 GC heap before
{Heap before GC invocations=9 (full 0):
 garbage-first heap   total 66560K, used 55793K [0x0000000084e00000, 0x0000000100000000)
  region size 1024K, 39 young (39936K), 4 survivors (4096K)
 Metaspace       used 32645K, committed 33152K, reserved 1114112K
  class space    used 4435K, committed 4672K, reserved 1048576K
}
Event: 2.405 GC heap after
{Heap after GC invocations=10 (full 0):
 garbage-first heap   total 66560K, used 21778K [0x0000000084e00000, 0x0000000100000000)
  region size 1024K, 4 young (4096K), 4 survivors (4096K)
 Metaspace       used 32645K, committed 33152K, reserved 1114112K
  class space    used 4435K, committed 4672K, reserved 1048576K
}
Event: 2.598 GC heap before
{Heap before GC invocations=10 (full 0):
 garbage-first heap   total 66560K, used 46354K [0x0000000084e00000, 0x0000000100000000)
  region size 1024K, 29 young (29696K), 4 survivors (4096K)
 Metaspace       used 34174K, committed 34816K, reserved 1114112K
  class space    used 4663K, committed 4992K, reserved 1048576K
}
Event: 2.601 GC heap after
{Heap after GC invocations=11 (full 0):
 garbage-first heap   total 79872K, used 22760K [0x0000000084e00000, 0x0000000100000000)
  region size 1024K, 3 young (3072K), 3 survivors (3072K)
 Metaspace       used 34174K, committed 34816K, reserved 1114112K
  class space    used 4663K, committed 4992K, reserved 1048576K
}
Event: 2.840 GC heap before
{Heap before GC invocations=12 (full 0):
 garbage-first heap   total 79872K, used 66792K [0x0000000084e00000, 0x0000000100000000)
  region size 1024K, 46 young (47104K), 3 survivors (3072K)
 Metaspace       used 38433K, committed 39040K, reserved 1114112K
  class space    used 5258K, committed 5568K, reserved 1048576K
}
Event: 2.843 GC heap after
{Heap after GC invocations=13 (full 0):
 garbage-first heap   total 79872K, used 23492K [0x0000000084e00000, 0x0000000100000000)
  region size 1024K, 4 young (4096K), 4 survivors (4096K)
 Metaspace       used 38433K, committed 39040K, reserved 1114112K
  class space    used 5258K, committed 5568K, reserved 1048576K
}
Event: 3.114 GC heap before
{Heap before GC invocations=13 (full 0):
 garbage-first heap   total 79872K, used 66500K [0x0000000084e00000, 0x0000000100000000)
  region size 1024K, 46 young (47104K), 4 survivors (4096K)
 Metaspace       used 43956K, committed 44608K, reserved 1114112K
  class space    used 5963K, committed 6272K, reserved 1048576K
}
Event: 3.119 GC heap after
{Heap after GC invocations=14 (full 0):
 garbage-first heap   total 79872K, used 24811K [0x0000000084e00000, 0x0000000100000000)
  region size 1024K, 4 young (4096K), 4 survivors (4096K)
 Metaspace       used 43956K, committed 44608K, reserved 1114112K
  class space    used 5963K, committed 6272K, reserved 1048576K
}
Event: 3.444 GC heap before
{Heap before GC invocations=14 (full 0):
 garbage-first heap   total 79872K, used 67819K [0x0000000084e00000, 0x0000000100000000)
  region size 1024K, 46 young (47104K), 4 survivors (4096K)
 Metaspace       used 49523K, committed 50176K, reserved 1114112K
  class space    used 6717K, committed 6976K, reserved 1048576K
}
Event: 3.447 GC heap after
{Heap after GC invocations=15 (full 0):
 garbage-first heap   total 79872K, used 26029K [0x0000000084e00000, 0x0000000100000000)
  region size 1024K, 4 young (4096K), 4 survivors (4096K)
 Metaspace       used 49523K, committed 50176K, reserved 1114112K
  class space    used 6717K, committed 6976K, reserved 1048576K
}
Event: 3.712 GC heap before
{Heap before GC invocations=15 (full 0):
 garbage-first heap   total 79872K, used 68013K [0x0000000084e00000, 0x0000000100000000)
  region size 1024K, 46 young (47104K), 4 survivors (4096K)
 Metaspace       used 53241K, committed 53888K, reserved 1114112K
  class space    used 7198K, committed 7488K, reserved 1048576K
}
Event: 3.715 GC heap after
{Heap after GC invocations=16 (full 0):
 garbage-first heap   total 79872K, used 27418K [0x0000000084e00000, 0x0000000100000000)
  region size 1024K, 5 young (5120K), 5 survivors (5120K)
 Metaspace       used 53241K, committed 53888K, reserved 1114112K
  class space    used 7198K, committed 7488K, reserved 1048576K
}
Event: 3.937 GC heap before
{Heap before GC invocations=16 (full 0):
 garbage-first heap   total 79872K, used 61210K [0x0000000084e00000, 0x0000000100000000)
  region size 1024K, 40 young (40960K), 5 survivors (5120K)
 Metaspace       used 57626K, committed 58240K, reserved 1114112K
  class space    used 7940K, committed 8192K, reserved 1048576K
}
Event: 3.941 GC heap after
{Heap after GC invocations=17 (full 0):
 garbage-first heap   total 96256K, used 28078K [0x0000000084e00000, 0x0000000100000000)
  region size 1024K, 3 young (3072K), 3 survivors (3072K)
 Metaspace       used 57626K, committed 58240K, reserved 1114112K
  class space    used 7940K, committed 8192K, reserved 1048576K
}
Event: 4.341 GC heap before
{Heap before GC invocations=18 (full 0):
 garbage-first heap   total 96256K, used 82350K [0x0000000084e00000, 0x0000000100000000)
  region size 1024K, 56 young (57344K), 3 survivors (3072K)
 Metaspace       used 62380K, committed 63040K, reserved 1114112K
  class space    used 8745K, committed 9024K, reserved 1048576K
}
Event: 4.344 GC heap after
{Heap after GC invocations=19 (full 0):
 garbage-first heap   total 96256K, used 29038K [0x0000000084e00000, 0x0000000100000000)
  region size 1024K, 4 young (4096K), 4 survivors (4096K)
 Metaspace       used 62380K, committed 63040K, reserved 1114112K
  class space    used 8745K, committed 9024K, reserved 1048576K
}

Dll operation events (12 events):
Event: 0.008 Loaded shared library C:\Program Files\Java\jdk-21\bin\java.dll
Event: 0.174 Loaded shared library C:\Program Files\Java\jdk-21\bin\zip.dll
Event: 0.177 Loaded shared library C:\Program Files\Java\jdk-21\bin\instrument.dll
Event: 0.182 Loaded shared library C:\Program Files\Java\jdk-21\bin\net.dll
Event: 0.183 Loaded shared library C:\Program Files\Java\jdk-21\bin\nio.dll
Event: 0.186 Loaded shared library C:\Program Files\Java\jdk-21\bin\zip.dll
Event: 0.290 Loaded shared library C:\Program Files\Java\jdk-21\bin\jimage.dll
Event: 0.324 Loaded shared library C:\Program Files\Java\jdk-21\bin\management.dll
Event: 0.332 Loaded shared library C:\Program Files\Java\jdk-21\bin\management_ext.dll
Event: 0.478 Loaded shared library C:\Program Files\Java\jdk-21\bin\extnet.dll
Event: 0.495 Loaded shared library C:\Program Files\Java\jdk-21\bin\verify.dll
Event: 1.498 Loaded shared library C:\Program Files\Java\jdk-21\bin\sunmscapi.dll

Deoptimization events (20 events):
Event: 25.381 Thread 0x0000026c7bf8cb40 DEOPT PACKING pc=0x0000026c6f1df7b4 sp=0x000000baa7bfe720
Event: 25.381 Thread 0x0000026c7bf8cb40 DEOPT UNPACKING pc=0x0000026c6e7c4e42 sp=0x000000baa7bfdc20 mode 1
Event: 25.381 Thread 0x0000026c7bf8cb40 DEOPT PACKING pc=0x0000026c6e8c1074 sp=0x000000baa7bfe8d0
Event: 25.381 Thread 0x0000026c7bf8cb40 DEOPT UNPACKING pc=0x0000026c6e7c4e42 sp=0x000000baa7bfddc0 mode 1
Event: 25.932 Thread 0x0000026c7bf8cb40 DEOPT PACKING pc=0x0000026c6f1df7b4 sp=0x000000baa7bfe720
Event: 25.932 Thread 0x0000026c7bf8cb40 DEOPT UNPACKING pc=0x0000026c6e7c4e42 sp=0x000000baa7bfdc20 mode 1
Event: 25.932 Thread 0x0000026c7bf8cb40 DEOPT PACKING pc=0x0000026c6e8c1074 sp=0x000000baa7bfe8d0
Event: 25.932 Thread 0x0000026c7bf8cb40 DEOPT UNPACKING pc=0x0000026c6e7c4e42 sp=0x000000baa7bfddc0 mode 1
Event: 26.435 Thread 0x0000026c7bf8cb40 DEOPT PACKING pc=0x0000026c6f1df7b4 sp=0x000000baa7bfe720
Event: 26.435 Thread 0x0000026c7bf8cb40 DEOPT UNPACKING pc=0x0000026c6e7c4e42 sp=0x000000baa7bfdc20 mode 1
Event: 26.435 Thread 0x0000026c7bf8cb40 DEOPT PACKING pc=0x0000026c6e8c1074 sp=0x000000baa7bfe8d0
Event: 26.435 Thread 0x0000026c7bf8cb40 DEOPT UNPACKING pc=0x0000026c6e7c4e42 sp=0x000000baa7bfddc0 mode 1
Event: 26.983 Thread 0x0000026c7bf8cb40 DEOPT PACKING pc=0x0000026c6f1df7b4 sp=0x000000baa7bfe720
Event: 26.983 Thread 0x0000026c7bf8cb40 DEOPT UNPACKING pc=0x0000026c6e7c4e42 sp=0x000000baa7bfdc20 mode 1
Event: 26.983 Thread 0x0000026c7bf8cb40 DEOPT PACKING pc=0x0000026c6e8c1074 sp=0x000000baa7bfe8d0
Event: 26.983 Thread 0x0000026c7bf8cb40 DEOPT UNPACKING pc=0x0000026c6e7c4e42 sp=0x000000baa7bfddc0 mode 1
Event: 27.486 Thread 0x0000026c7bf8cb40 DEOPT PACKING pc=0x0000026c6f1df7b4 sp=0x000000baa7bfe720
Event: 27.486 Thread 0x0000026c7bf8cb40 DEOPT UNPACKING pc=0x0000026c6e7c4e42 sp=0x000000baa7bfdc20 mode 1
Event: 27.486 Thread 0x0000026c7bf8cb40 DEOPT PACKING pc=0x0000026c6e8c1074 sp=0x000000baa7bfe8d0
Event: 27.486 Thread 0x0000026c7bf8cb40 DEOPT UNPACKING pc=0x0000026c6e7c4e42 sp=0x000000baa7bfddc0 mode 1

Classes loaded (20 events):
Event: 3.597 Loading class java/util/concurrent/CompletableFuture
Event: 3.598 Loading class java/util/concurrent/CompletableFuture done
Event: 3.598 Loading class java/util/concurrent/CompletableFuture$AltResult
Event: 3.598 Loading class java/util/concurrent/CompletableFuture$AltResult done
Event: 3.598 Loading class java/util/concurrent/CompletableFuture$Completion
Event: 3.598 Loading class java/util/concurrent/CompletableFuture$AsynchronousCompletionTask
Event: 3.598 Loading class java/util/concurrent/CompletableFuture$AsynchronousCompletionTask done
Event: 3.598 Loading class java/util/concurrent/CompletableFuture$Completion done
Event: 3.670 Loading class java/util/concurrent/CancellationException
Event: 3.670 Loading class java/util/concurrent/CancellationException done
Event: 3.867 Loading class java/util/ArrayList$ListItr
Event: 3.867 Loading class java/util/ArrayList$ListItr done
Event: 3.951 Loading class java/util/AbstractList$SubList
Event: 3.951 Loading class java/util/AbstractList$SubList done
Event: 3.992 Loading class java/lang/foreign/ValueLayout
Event: 3.992 Loading class java/lang/foreign/MemoryLayout
Event: 3.992 Loading class java/lang/foreign/MemoryLayout done
Event: 3.992 Loading class java/lang/foreign/ValueLayout done
Event: 4.345 Loading class javax/naming/Reference
Event: 4.345 Loading class javax/naming/Reference done

Classes unloaded (0 events):
No events

Classes redefined (0 events):
No events

Internal exceptions (20 events):
Event: 4.103 Thread 0x0000026c76bcac30 Exception <a 'java/lang/NoSuchMethodError'{0x0000000089706430}: 'void java.lang.invoke.DirectMethodHandle$Holder.invokeStaticInit(java.lang.Object, int, java.lang.Object, java.lang.Object, java.lang.Object, java.lang.Object)'> (0x0000000089706430) 
thrown [s\open\src\hotspot\share\interpreter\linkResolver.cpp, line 773]
Event: 4.114 Thread 0x0000026c76bcac30 Exception <a 'java/lang/NoSuchMethodError'{0x00000000896c16f0}: 'int java.lang.invoke.Invokers$Holder.invokeExact_MT(java.lang.Object, java.lang.Object, java.lang.Object)'> (0x00000000896c16f0) 
thrown [s\open\src\hotspot\share\interpreter\linkResolver.cpp, line 773]
Event: 4.127 Thread 0x0000026c76bcac30 Exception <a 'java/lang/NoSuchMethodError'{0x00000000894d1110}: 'java.lang.Object java.lang.invoke.DirectMethodHandle$Holder.newInvokeSpecial(java.lang.Object, java.lang.Object, java.lang.Object, java.lang.Object, java.lang.Object, java.lang.Object)'> (0x00000000894d1110) 
thrown [s\open\src\hotspot\share\interpreter\linkResolver.cpp, line 773]
Event: 4.129 Thread 0x0000026c76bcac30 Exception <a 'java/lang/NoSuchMethodError'{0x00000000894f1d28}: 'int java.lang.invoke.DirectMethodHandle$Holder.invokeStatic(java.lang.Object, java.lang.Object, java.lang.Object, java.lang.Object, java.lang.Object)'> (0x00000000894f1d28) 
thrown [s\open\src\hotspot\share\interpreter\linkResolver.cpp, line 773]
Event: 4.141 Thread 0x0000026c76bcac30 Exception <a 'java/lang/NoSuchMethodError'{0x000000008928c800}: 'void java.lang.invoke.DirectMethodHandle$Holder.invokeInterface(java.lang.Object, java.lang.Object, int, java.lang.Object)'> (0x000000008928c800) 
thrown [s\open\src\hotspot\share\interpreter\linkResolver.cpp, line 773]
Event: 4.143 Thread 0x0000026c76bcac30 Exception <a 'java/lang/NoSuchMethodError'{0x00000000892e0f40}: 'java.lang.Object java.lang.invoke.DirectMethodHandle$Holder.newInvokeSpecial(java.lang.Object, java.lang.Object, int, java.lang.Object)'> (0x00000000892e0f40) 
thrown [s\open\src\hotspot\share\interpreter\linkResolver.cpp, line 773]
Event: 4.143 Thread 0x0000026c76bcac30 Exception <a 'java/lang/NoSuchMethodError'{0x00000000892e48a0}: 'java.lang.Object java.lang.invoke.Invokers$Holder.linkToTargetMethod(java.lang.Object, int, java.lang.Object, java.lang.Object)'> (0x00000000892e48a0) 
thrown [s\open\src\hotspot\share\interpreter\linkResolver.cpp, line 773]
Event: 4.148 Thread 0x0000026c76bcac30 Exception <a 'java/lang/NoSuchMethodError'{0x00000000891caa68}: 'void java.lang.invoke.DirectMethodHandle$Holder.invokeSpecial(java.lang.Object, java.lang.Object, java.lang.Object, java.lang.Object, java.lang.Object, java.lang.Object, java.lang.Object, java.lang.Object)'> (0x00000000891caa68) 
thrown [s\open\src\hotspot\share\interpreter\linkResolver.cpp, line 773]
Event: 4.152 Thread 0x0000026c76bcac30 Exception <a 'java/lang/NoSuchMethodError'{0x0000000089066750}: 'java.lang.Object java.lang.invoke.DirectMethodHandle$Holder.newInvokeSpecial(java.lang.Object, java.lang.Object, int)'> (0x0000000089066750) 
thrown [s\open\src\hotspot\share\interpreter\linkResolver.cpp, line 773]
Event: 4.172 Thread 0x0000026c76bcac30 Exception <a 'java/lang/NoSuchMethodError'{0x0000000088cd9dc0}: 'java.lang.Object java.lang.invoke.DirectMethodHandle$Holder.newInvokeSpecial(java.lang.Object, java.lang.Object, java.lang.Object, java.lang.Object, java.lang.Object, int, java.lang.Object)'> (0x0000000088cd9dc0) 
thrown [s\open\src\hotspot\share\interpreter\linkResolver.cpp, line 773]
Event: 4.175 Thread 0x0000026c76bcac30 Exception <a 'java/lang/NoSuchMethodError'{0x0000000088b2fa40}: 'java.lang.Object java.lang.invoke.DirectMethodHandle$Holder.newInvokeSpecial(java.lang.Object, java.lang.Object, java.lang.Object, java.lang.Object, java.lang.Object, java.lang.Object, java.lang.Object, java.lang.Object, java.lang.Object, java.lang.Object, java.lang.Object, java.lang.Object)'> (0x0000000088b2fa40) 
thrown [s\open\src\hotspot\share\interpreter\linkResolver.cpp, line 773]
Event: 4.175 Thread 0x0000026c76bcac30 Exception <a 'java/lang/NoSuchMethodError'{0x0000000088b342d8}: 'java.lang.Object java.lang.invoke.DirectMethodHandle$Holder.invokeSpecial(java.lang.Object, java.lang.Object, java.lang.Object, java.lang.Object, java.lang.Object, java.lang.Object, java.lang.Object, java.lang.Object, java.lang.Object, java.lang.Object, java.lang.Object, java.lang.Object, java.lang.Object)'> (0x0000000088b342d8) 
thrown [s\open\src\hotspot\share\interpreter\linkResolver.cpp, line 773]
Event: 4.175 Thread 0x0000026c76bcac30 Exception <a 'java/lang/NoSuchMethodError'{0x0000000088b387b0}: 'java.lang.Object java.lang.invoke.Invokers$Holder.linkToTargetMethod(java.lang.Object, java.lang.Object, java.lang.Object, java.lang.Object, java.lang.Object, java.lang.Object, java.lang.Object, java.lang.Object, java.lang.Object, java.lang.Object, java.lang.Object, java.lang.Object)'> (0x0000000088b387b0) 
thrown [s\open\src\hotspot\share\interpreter\linkResolver.cpp, line 773]
Event: 4.204 Thread 0x0000026c76bcac30 Exception <a 'java/lang/NoSuchMethodError'{0x0000000088672ad0}: 'java.lang.Object java.lang.invoke.DirectMethodHandle$Holder.newInvokeSpecial(java.lang.Object, java.lang.Object, java.lang.Object, java.lang.Object, java.lang.Object, java.lang.Object, java.lang.Object, int)'> (0x0000000088672ad0) 
thrown [s\open\src\hotspot\share\interpreter\linkResolver.cpp, line 773]
Event: 4.204 Thread 0x0000026c76bcac30 Exception <a 'java/lang/NoSuchMethodError'{0x0000000088677030}: 'java.lang.Object java.lang.invoke.DirectMethodHandle$Holder.invokeSpecial(java.lang.Object, java.lang.Object, java.lang.Object, java.lang.Object, java.lang.Object, java.lang.Object, java.lang.Object, java.lang.Object, int)'> (0x0000000088677030) 
thrown [s\open\src\hotspot\share\interpreter\linkResolver.cpp, line 773]
Event: 4.204 Thread 0x0000026c76bcac30 Exception <a 'java/lang/NoSuchMethodError'{0x000000008867b048}: 'java.lang.Object java.lang.invoke.Invokers$Holder.linkToTargetMethod(java.lang.Object, java.lang.Object, java.lang.Object, java.lang.Object, java.lang.Object, java.lang.Object, int, java.lang.Object)'> (0x000000008867b048) 
thrown [s\open\src\hotspot\share\interpreter\linkResolver.cpp, line 773]
Event: 4.219 Thread 0x0000026c76bcac30 Exception <a 'java/lang/NoSuchMethodError'{0x0000000088322810}: 'java.lang.Object java.lang.invoke.DirectMethodHandle$Holder.newInvokeSpecial(java.lang.Object, java.lang.Object, int, java.lang.Object, int, java.lang.Object, java.lang.Object)'> (0x0000000088322810) 
thrown [s\open\src\hotspot\share\interpreter\linkResolver.cpp, line 773]
Event: 4.230 Thread 0x0000026c76bcac30 Exception <a 'java/lang/NoSuchMethodError'{0x000000008822dd00}: 'void java.lang.invoke.DirectMethodHandle$Holder.invokeInterface(java.lang.Object, java.lang.Object)'> (0x000000008822dd00) 
thrown [s\open\src\hotspot\share\interpreter\linkResolver.cpp, line 773]
Event: 4.315 Thread 0x0000026c76bcac30 Exception <a 'java/lang/NoSuchMethodError'{0x00000000874058f8}: 'java.lang.Object java.lang.invoke.DirectMethodHandle$Holder.invokeSpecial(java.lang.Object, java.lang.Object, int, java.lang.Object, int)'> (0x00000000874058f8) 
thrown [s\open\src\hotspot\share\interpreter\linkResolver.cpp, line 773]
Event: 4.352 Thread 0x0000026c76bcac30 Exception <a 'java/lang/NoSuchMethodError'{0x000000008c9e1c60}: 'void java.lang.invoke.Invokers$Holder.invokeExact_MT(java.lang.Object, java.lang.Object, java.lang.Object, java.lang.Object)'> (0x000000008c9e1c60) 
thrown [s\open\src\hotspot\share\interpreter\linkResolver.cpp, line 773]

ZGC Phase Switch (0 events):
No events

VM Operations (20 events):
Event: 20.249 Executing VM operation: ChangeSingleStep done
Event: 20.370 Executing VM operation: get/set locals
Event: 20.370 Executing VM operation: get/set locals done
Event: 20.370 Executing VM operation: get/set locals
Event: 20.370 Executing VM operation: get/set locals done
Event: 20.370 Executing VM operation: get/set locals
Event: 20.370 Executing VM operation: get/set locals done
Event: 20.371 Executing VM operation: get/set locals
Event: 20.371 Executing VM operation: get/set locals done
Event: 20.371 Executing VM operation: get/set locals
Event: 20.371 Executing VM operation: get/set locals done
Event: 20.371 Executing VM operation: get/set locals
Event: 20.371 Executing VM operation: get/set locals done
Event: 20.372 Executing VM operation: get/set locals
Event: 20.372 Executing VM operation: get/set locals done
Event: 20.372 Executing VM operation: get/set locals
Event: 20.372 Executing VM operation: get/set locals done
Event: 23.387 Executing VM operation: Cleanup
Event: 23.387 Executing VM operation: Cleanup done
Event: 27.808 Executing VM operation: GetObjectMonitorUsage

Events (20 events):
Event: 3.958 Thread 0x0000026c7695a390 flushing nmethod 0x0000026c6efeea90
Event: 3.958 Thread 0x0000026c7695a390 flushing nmethod 0x0000026c6efc1190
Event: 3.958 Thread 0x0000026c7695a390 flushing nmethod 0x0000026c6f006d10
Event: 3.958 Thread 0x0000026c7695a390 flushing nmethod 0x0000026c6efecf90
Event: 3.958 Thread 0x0000026c7695a390 flushing nmethod 0x0000026c6efbdf90
Event: 3.958 Thread 0x0000026c7695a390 flushing nmethod 0x0000026c6ef5f310
Event: 3.958 Thread 0x0000026c7695a390 flushing nmethod 0x0000026c6ef52a90
Event: 3.958 Thread 0x0000026c7695a390 flushing nmethod 0x0000026c6ee47e90
Event: 3.958 Thread 0x0000026c7695a390 flushing nmethod 0x0000026c6ee50810
Event: 3.958 Thread 0x0000026c7695a390 flushing nmethod 0x0000026c6ed60690
Event: 3.958 Thread 0x0000026c7695a390 flushing nmethod 0x0000026c6ed3fc10
Event: 3.958 Thread 0x0000026c7695a390 flushing nmethod 0x0000026c6ecd7890
Event: 3.958 Thread 0x0000026c7695a390 flushing nmethod 0x0000026c6ecd7310
Event: 3.958 Thread 0x0000026c7695a390 flushing nmethod 0x0000026c6ec14b10
Event: 3.958 Thread 0x0000026c7695a390 flushing nmethod 0x0000026c6eac4f10
Event: 3.958 Thread 0x0000026c7695a390 flushing nmethod 0x0000026c6eaaaf90
Event: 5.124 Thread 0x0000026c7c36c620 Thread exited: 0x0000026c7c36c620
Event: 5.675 Thread 0x0000026c76b6c600 Thread exited: 0x0000026c76b6c600
Event: 5.675 Thread 0x0000026c76946390 Thread exited: 0x0000026c76946390
Event: 8.646 Thread 0x0000026c7bf8d1d0 Thread exited: 0x0000026c7bf8d1d0


Dynamic libraries:
0x00007ff7931f0000 - 0x00007ff793200000 	C:\Program Files\Java\jdk-21\bin\javaw.exe
0x00007ffd31070000 - 0x00007ffd31286000 	C:\WINDOWS\SYSTEM32\ntdll.dll
0x00007ffd2f130000 - 0x00007ffd2f1f4000 	C:\WINDOWS\System32\KERNEL32.DLL
0x00007ffd2e700000 - 0x00007ffd2eaa7000 	C:\WINDOWS\System32\KERNELBASE.dll
0x00007ffd2e530000 - 0x00007ffd2e641000 	C:\WINDOWS\System32\ucrtbase.dll
0x00007ffd248e0000 - 0x00007ffd248f9000 	C:\Program Files\Java\jdk-21\bin\jli.dll
0x00007ffd2fe60000 - 0x00007ffd2ff12000 	C:\WINDOWS\System32\ADVAPI32.dll
0x00007ffd2f200000 - 0x00007ffd2f2a7000 	C:\WINDOWS\System32\msvcrt.dll
0x00007ffd2ee90000 - 0x00007ffd2ef38000 	C:\WINDOWS\System32\sechost.dll
0x00007ffd2e390000 - 0x00007ffd2e3b8000 	C:\WINDOWS\System32\bcrypt.dll
0x00007ffd30d50000 - 0x00007ffd30e65000 	C:\WINDOWS\System32\RPCRT4.dll
0x00007ffd2ff20000 - 0x00007ffd300ce000 	C:\WINDOWS\System32\USER32.dll
0x00007ffd2e6d0000 - 0x00007ffd2e6f6000 	C:\WINDOWS\System32\win32u.dll
0x00007ffd30850000 - 0x00007ffd30879000 	C:\WINDOWS\System32\GDI32.dll
0x00007ffd2eb50000 - 0x00007ffd2ec69000 	C:\WINDOWS\System32\gdi32full.dll
0x00007ffd2eab0000 - 0x00007ffd2eb4a000 	C:\WINDOWS\System32\msvcp_win.dll
0x00007ffd24860000 - 0x00007ffd2487b000 	C:\Program Files\Java\jdk-21\bin\VCRUNTIME140.dll
0x00007ffd1af00000 - 0x00007ffd1b193000 	C:\WINDOWS\WinSxS\amd64_microsoft.windows.common-controls_6595b64144ccf1df_6.0.22621.3235_none_270f74e173860f98\COMCTL32.dll
0x00007ffd27be0000 - 0x00007ffd27bea000 	C:\WINDOWS\SYSTEM32\VERSION.dll
0x00007ffd30560000 - 0x00007ffd30591000 	C:\WINDOWS\System32\IMM32.DLL
0x00007ffd14b80000 - 0x00007ffd14ce4000 	C:\Program Files (x86)\Citrix\ICA Client\ctxapclient64.dll
0x00007ffd300d0000 - 0x00007ffd30458000 	C:\WINDOWS\System32\combase.dll
0x00007ffd2d3f0000 - 0x00007ffd2d424000 	C:\WINDOWS\SYSTEM32\ntmarta.dll
0x00007ffd2e650000 - 0x00007ffd2e6c9000 	C:\WINDOWS\System32\bcryptprimitives.dll
0x00007ffd2d3d0000 - 0x00007ffd2d3e8000 	C:\WINDOWS\SYSTEM32\kernel.appcore.dll
0x00007ffd2b1d0000 - 0x00007ffd2b1dc000 	C:\Program Files\Java\jdk-21\bin\vcruntime140_1.dll
0x00007ffd103e0000 - 0x00007ffd1046e000 	C:\Program Files\Java\jdk-21\bin\msvcp140.dll
0x00007ffcb9af0000 - 0x00007ffcba807000 	C:\Program Files\Java\jdk-21\bin\server\jvm.dll
0x00007ffd2ef40000 - 0x00007ffd2efb1000 	C:\WINDOWS\System32\WS2_32.dll
0x00007ffd2e260000 - 0x00007ffd2e2ad000 	C:\WINDOWS\SYSTEM32\POWRPROF.dll
0x00007ffd27ba0000 - 0x00007ffd27bd4000 	C:\WINDOWS\SYSTEM32\WINMM.dll
0x00007ffd2e240000 - 0x00007ffd2e253000 	C:\WINDOWS\SYSTEM32\UMPDC.dll
0x00007ffd273c0000 - 0x00007ffd273ca000 	C:\Program Files\Java\jdk-21\bin\jimage.dll
0x00007ffd2b780000 - 0x00007ffd2b9b3000 	C:\WINDOWS\SYSTEM32\DBGHELP.DLL
0x00007ffd30750000 - 0x00007ffd30827000 	C:\WINDOWS\System32\OLEAUT32.dll
0x00007ffd254d0000 - 0x00007ffd25502000 	C:\WINDOWS\SYSTEM32\dbgcore.DLL
0x00007ffd02c90000 - 0x00007ffd02ccc000 	C:\Program Files\Java\jdk-21\bin\jdwp.dll
0x00007ffd24890000 - 0x00007ffd2489f000 	C:\Program Files\Java\jdk-21\bin\instrument.dll
0x00007ffd16c50000 - 0x00007ffd16c6f000 	C:\Program Files\Java\jdk-21\bin\java.dll
0x00007ffd2f600000 - 0x00007ffd2fe5c000 	C:\WINDOWS\System32\SHELL32.dll
0x00007ffd2c2f0000 - 0x00007ffd2cbe9000 	C:\WINDOWS\SYSTEM32\windows.storage.dll
0x00007ffd2c1b0000 - 0x00007ffd2c2ee000 	C:\WINDOWS\SYSTEM32\wintypes.dll
0x0000026c769a0000 - 0x0000026c76a93000 	C:\WINDOWS\System32\SHCORE.dll
0x00007ffd2ee30000 - 0x00007ffd2ee8e000 	C:\WINDOWS\System32\shlwapi.dll
0x00007ffd2e2c0000 - 0x00007ffd2e2e1000 	C:\WINDOWS\SYSTEM32\profapi.dll
0x00007ffd24850000 - 0x00007ffd2485c000 	C:\Program Files\Java\jdk-21\bin\dt_socket.dll
0x00007ffd2ce50000 - 0x00007ffd2ce7d000 	C:\WINDOWS\SYSTEM32\IPHLPAPI.DLL
0x00007ffd2d840000 - 0x00007ffd2d8a9000 	C:\WINDOWS\system32\mswsock.dll
0x00007ffd2cec0000 - 0x00007ffd2cfb9000 	C:\WINDOWS\SYSTEM32\DNSAPI.dll
0x00007ffd2f5f0000 - 0x00007ffd2f5f9000 	C:\WINDOWS\System32\NSI.dll
0x00007ffd27aa0000 - 0x00007ffd27aaa000 	C:\Windows\System32\rasadhlp.dll
0x00007ffd26730000 - 0x00007ffd267b3000 	C:\WINDOWS\System32\fwpuclnt.dll
0x00007ffd0fbe0000 - 0x00007ffd0fbf8000 	C:\Program Files\Java\jdk-21\bin\zip.dll
0x00007ffd23060000 - 0x00007ffd23070000 	C:\Program Files\Java\jdk-21\bin\net.dll
0x00007ffd280c0000 - 0x00007ffd281f6000 	C:\WINDOWS\SYSTEM32\WINHTTP.dll
0x00007ffd0e4a0000 - 0x00007ffd0e4b6000 	C:\Program Files\Java\jdk-21\bin\nio.dll
0x00007ffd1e3d0000 - 0x00007ffd1e3da000 	C:\Program Files\Java\jdk-21\bin\management.dll
0x00007ffd190d0000 - 0x00007ffd190db000 	C:\Program Files\Java\jdk-21\bin\management_ext.dll
0x00007ffd2ee20000 - 0x00007ffd2ee28000 	C:\WINDOWS\System32\PSAPI.DLL
0x00007ffd18770000 - 0x00007ffd18787000 	C:\WINDOWS\system32\napinsp.dll
0x00007ffd18720000 - 0x00007ffd1873b000 	C:\WINDOWS\system32\pnrpnsp.dll
0x00007ffd18700000 - 0x00007ffd18711000 	C:\WINDOWS\System32\winrnr.dll
0x00007ffd186e0000 - 0x00007ffd186f5000 	C:\WINDOWS\system32\wshbth.dll
0x00007ffd186b0000 - 0x00007ffd186d1000 	C:\WINDOWS\system32\nlansp_c.dll
0x00007ffd2dab0000 - 0x00007ffd2dacb000 	C:\WINDOWS\SYSTEM32\CRYPTSP.dll
0x00007ffd2d330000 - 0x00007ffd2d365000 	C:\WINDOWS\system32\rsaenh.dll
0x00007ffd2d940000 - 0x00007ffd2d968000 	C:\WINDOWS\SYSTEM32\USERENV.dll
0x00007ffd2daa0000 - 0x00007ffd2daac000 	C:\WINDOWS\SYSTEM32\CRYPTBASE.dll
0x00007ffd18c90000 - 0x00007ffd18c99000 	C:\Program Files\Java\jdk-21\bin\extnet.dll
0x00007ffd16c40000 - 0x00007ffd16c50000 	C:\Program Files\Java\jdk-21\bin\verify.dll
0x00007ffd13850000 - 0x00007ffd1385e000 	C:\Program Files\Java\jdk-21\bin\sunmscapi.dll
0x00007ffd2e3c0000 - 0x00007ffd2e527000 	C:\WINDOWS\System32\CRYPT32.dll
0x00007ffd2dc60000 - 0x00007ffd2dc8e000 	C:\WINDOWS\SYSTEM32\ncrypt.dll
0x00007ffd2dc20000 - 0x00007ffd2dc57000 	C:\WINDOWS\SYSTEM32\NTASN1.dll

dbghelp: loaded successfully - version: 4.0.5 - missing functions: none
symbol engine: initialized successfully - sym options: 0x614 - pdb path: .;C:\Program Files\Java\jdk-21\bin;C:\WINDOWS\SYSTEM32;C:\WINDOWS\WinSxS\amd64_microsoft.windows.common-controls_6595b64144ccf1df_6.0.22621.3235_none_270f74e173860f98;C:\Program Files (x86)\Citrix\ICA Client;C:\Program Files\Java\jdk-21\bin\server

VM Arguments:
jvm_args: -XX:+ShowCodeDetailsInExceptionMessages -agentlib:jdwp=transport=dt_socket,suspend=y,address=localhost:52775 -Dcom.sun.management.jmxremote -Dcom.sun.management.jmxremote.port=52774 -Dcom.sun.management.jmxremote.authenticate=false -Dcom.sun.management.jmxremote.ssl=false -Djava.rmi.server.hostname=localhost -Dspring.jmx.enabled=true -Dmanagement.endpoints.jmx.exposure.include=* -Dspring.application.admin.enabled=true -XX:TieredStopAtLevel=1 -Dspring.boot.project.name=blog-app-apis -javaagent:C:\Users\Gaurang Dalvadi\Downloads\spring tool suite\sts-4.22.0.RELEASE\configuration\org.eclipse.osgi\266\0\.cp\lib\javaagent-shaded.jar -Dfile.encoding=UTF-8 -Dstdout.encoding=UTF-8 -Dstderr.encoding=UTF-8 
java_command: com.gaurang.blog.BlogAppApisApplication --spring.output.ansi.enabled=always
java_class_path (initial): C:\Users\Gaurang Dalvadi\Desktop\Spring_Boot_Project\blog-app-apis\target\classes;C:\Users\Gaurang Dalvadi\.m2\repository\org\springframework\boot\spring-boot-starter-data-jpa\3.2.5\spring-boot-starter-data-jpa-3.2.5.jar;C:\Users\Gaurang Dalvadi\.m2\repository\org\springframework\boot\spring-boot-starter-aop\3.2.5\spring-boot-starter-aop-3.2.5.jar;C:\Users\Gaurang Dalvadi\.m2\repository\org\aspectj\aspectjweaver\1.9.22\aspectjweaver-1.9.22.jar;C:\Users\Gaurang Dalvadi\.m2\repository\org\springframework\boot\spring-boot-starter-jdbc\3.2.5\spring-boot-starter-jdbc-3.2.5.jar;C:\Users\Gaurang Dalvadi\.m2\repository\com\zaxxer\HikariCP\5.0.1\HikariCP-5.0.1.jar;C:\Users\Gaurang Dalvadi\.m2\repository\org\springframework\spring-jdbc\6.1.6\spring-jdbc-6.1.6.jar;C:\Users\Gaurang Dalvadi\.m2\repository\org\hibernate\orm\hibernate-core\6.4.4.Final\hibernate-core-6.4.4.Final.jar;C:\Users\Gaurang Dalvadi\.m2\repository\jakarta\persistence\jakarta.persistence-api\3.1.0\jakarta.persistence-api-3.1.0.jar;C:\Users\Gaurang Dalvadi\.m2\repository\jakarta\transaction\jakarta.transaction-api\2.0.1\jakarta.transaction-api-2.0.1.jar;C:\Users\Gaurang Dalvadi\.m2\repository\org\jboss\logging\jboss-logging\3.5.3.Final\jboss-logging-3.5.3.Final.jar;C:\Users\Gaurang Dalvadi\.m2\repository\org\hibernate\common\hibernate-commons-annotations\6.0.6.Final\hibernate-commons-annotations-6.0.6.Final.jar;C:\Users\Gaurang Dalvadi\.m2\repository\io\smallrye\jandex\3.1.2\jandex-3.1.2.jar;C:\Users\Gaurang Dalvadi\.m2\repository\com\fasterxml\classmate\1.6.0\classmate-1.6.0.jar;C:\Users\Gaurang Dalvadi\.m2\repository\net\bytebuddy\byte-buddy\1.14.13\byte-buddy-1.14.13.jar;C:\Users\Gaurang Dalvadi\.m2\repository\org\glassfish\jaxb\jaxb-runtime\4.0.5\jaxb-runtime-4.0.5.jar;C:\Users\Gaurang Dalvadi\.m2\repository\org\glassfish\jaxb\jaxb-core\4.0.5\jaxb-core-4.0.5.jar;C:\Users\Gaurang Dalvadi\.m2\repository\org\eclipse\angus\angus-activation\2.0.2\angus-activation-2.0.2.jar;C:\Users\Gaurang Dalvadi\.m2\repository\org\glassfish\jaxb\txw2\4.0.5\txw2-4.0.5.jar;C:\Users\Gaurang Dalvadi\.m2\repository\com\sun\istack\istack-commons-runtime\4.1.2\istack-commons-runtime-4.1.2.jar;C:\Users\Gaurang Dalvadi\.m2\repository\jakarta\inject\jakarta.inject-api\2.0.1\jakarta.inject-api-2.0.1.jar;C:\Users\Gaurang Dalvadi\.m2\repository\org\antlr\antlr4-runtime\4.13.0\antlr4-runtime-4.13.0.jar;C:\Users\Gaurang Dalvadi\.m2\repository\org\springframework\data\spring-data-jpa\3.2.5\spring-data-jpa-3.2.5.jar;C:\Users\Gaurang Dalvadi\.m2\repository\org\springframework\data\spring-data-commons\3.2.5\spring-data-commons-3.2.5.jar;C:\Users\Gaurang Dalvadi\.m2\repository\org\springframework\spring-orm\6.1.6\spring-orm-6.1.6.jar;C:\Users\Gaurang Dalvadi\.m2\repository\org\springframework\spring-context\6.1.6\spring-context-6.1.6.jar;C:\Users\Gaurang Dalvadi\.m2\repository\org\springframework\spring-tx\6.1.6\spring-tx-6.1.6.jar;C:\Users\Gaurang Dalvadi\.m2\repository\org\springframework\spring-beans\6.1.6\spring-beans-6.1.6.jar;C:\Users\Gaurang Dalvadi\.m2\repository\jakarta\annotation\jakarta.annotation-api\2.1.1\jakarta.annotation-api-2.1.1.jar;C:\Users\Gaurang Dalvadi\.m2\repository\org\slf4j\slf4j-api\2.0.13\slf4j-api-2.0.13.jar;C:\Users\Gaurang Dalvadi\.m2\repository\org\springframework\spring-aspects\6.1.6\spring-aspects-6.1.6.jar;C:\Users\Gaurang Dalvadi\.m2\repository\org\springframework\boot\spring-boot-starter-web\3.2.5\spring-boot-starter-web-3.2.5.jar;C:\Users\Gaurang Dalvadi\.m2\repository\org\springframework\boot\spring-boot-starter\3.2.5\spring-boot-starter-3.2.5.jar;C:\Users\Gaurang Dalvadi\.m2\repository\org\springframework\boot\spring-boot-starter-logging\3.2.5\spring-boot-starter-logging-3.2.5.jar;C:\Users\Gaurang Dalvadi\.m2\repository\ch\qos\logback\logback-classic\1.4.14\logback-classic-1.4.14.jar;C:\Users\Gaurang Dalvadi\.m2\repository\ch\qos\logback\logback-core\1.4.14\logback-core-1.4.14.jar;C:\Users\Gaurang Dalvadi\.m2\repository\org\apache\logging\log4j\log4j-to-slf4j\2.21.1\log4j-to-slf4j-2.21.1.jar;C:\Users\Gaurang Dalvadi\.m2\repository\org\apache\logging\log4j\log4j-api\2.21.1\log4j-api-2.21.1.jar;C:\Users\Gaurang Dalvadi\.m2\repository\org\slf4j\jul-to-slf4j\2.0.13\jul-to-slf4j-2.0.13.jar;C:\Users\Gaurang Dalvadi\.m2\repository\org\yaml\snakeyaml\2.2\snakeyaml-2.2.jar;C:\Users\Gaurang Dalvadi\.m2\repository\org\springframework\boot\spring-boot-starter-json\3.2.5\spring-boot-starter-json-3.2.5.jar;C:\Users\Gaurang Dalvadi\.m2\repository\com\fasterxml\jackson\core\jackson-databind\2.15.4\jackson-databind-2.15.4.jar;C:\Users\Gaurang Dalvadi\.m2\repository\com\fasterxml\jackson\core\jackson-annotations\2.15.4\jackson-annotations-2.15.4.jar;C:\Users\Gaurang Dalvadi\.m2\repository\com\fasterxml\jackson\core\jackson-core\2.15.4\jackson-core-2.15.4.jar;C:\Users\Gaurang Dalvadi\.m2\repository\com\fasterxml\jackson\datatype\jackson-datatype-jdk8\2.15.4\jackson-datatype-jdk8-2.15.4.jar;C:\Users\Gaurang Dalvadi\.m2\repository\com\fasterxml\jackson\datatype\jackson-datatype-jsr310\2.15.4\jackson-datatype-jsr310-2.15.4.jar;C:\Users\Gaurang Dalvadi\.m2\repository\com\fasterxml\jackson\module\jackson-module-parameter-names\2.15.4\jackson-module-parameter-names-2.15.4.jar;C:\Users\Gaurang Dalvadi\.m2\repository\org\springframework\boot\spring-boot-starter-tomcat\3.2.5\spring-boot-starter-tomcat-3.2.5.jar;C:\Users\Gaurang Dalvadi\.m2\repository\org\apache\tomcat\embed\tomcat-embed-core\10.1.20\tomcat-embed-core-10.1.20.jar;C:\Users\Gaurang Dalvadi\.m2\repository\org\apache\tomcat\embed\tomcat-embed-websocket\10.1.20\tomcat-embed-websocket-10.1.20.jar;C:\Users\Gaurang Dalvadi\.m2\repository\org\springframework\spring-web\6.1.6\spring-web-6.1.6.jar;C:\Users\Gaurang Dalvadi\.m2\repository\io\micrometer\micrometer-observation\1.12.5\micrometer-observation-1.12.5.jar;C:\Users\Gaurang Dalvadi\.m2\repository\io\micrometer\micrometer-commons\1.12.5\micrometer-commons-1.12.5.jar;C:\Users\Gaurang Dalvadi\.m2\repository\org\springframework\spring-webmvc\6.1.6\spring-webmvc-6.1.6.jar;C:\Users\Gaurang Dalvadi\.m2\repository\org\springframework\spring-expression\6.1.6\spring-expression-6.1.6.jar;C:\Users\Gaurang Dalvadi\.m2\repository\org\springframework\boot\spring-boot-starter-security\3.2.5\spring-boot-starter-security-3.2.5.jar;C:\Users\Gaurang Dalvadi\.m2\repository\org\springframework\spring-aop\6.1.6\spring-aop-6.1.6.jar;C:\Users\Gaurang Dalvadi\.m2\repository\org\springframework\security\spring-security-config\6.2.4\spring-security-config-6.2.4.jar;C:\Users\Gaurang Dalvadi\.m2\repository\org\springframework\security\spring-security-core\6.2.4\spring-security-core-6.2.4.jar;C:\Users\Gaurang Dalvadi\.m2\repository\org\springframework\security\spring-security-crypto\6.2.4\spring-security-crypto-6.2.4.jar;C:\Users\Gaurang Dalvadi\.m2\repository\org\springframework\security\spring-security-web\6.2.4\spring-security-web-6.2.4.jar;C:\Users\Gaurang Dalvadi\.m2\repository\org\springframework\boot\spring-boot-starter-validation\3.2.1\spring-boot-starter-validation-3.2.1.jar;C:\Users\Gaurang Dalvadi\.m2\repository\org\apache\tomcat\embed\tomcat-embed-el\10.1.20\tomcat-embed-el-10.1.20.jar;C:\Users\Gaurang Dalvadi\.m2\repository\org\hibernate\validator\hibernate-validator\8.0.1.Final\hibernate-validator-8.0.1.Final.jar;C:\Users\Gaurang Dalvadi\.m2\repository\jakarta\validation\jakarta.validation-api\3.0.2\jakarta.validation-api-3.0.2.jar;C:\Users\Gaurang Dalvadi\.m2\repository\org\springframework\boot\spring-boot-devtools\3.2.5\spring-boot-devtools-3.2.5.jar;C:\Users\Gaurang Dalvadi\.m2\repository\org\springframework\boot\spring-boot\3.2.5\spring-boot-3.2.5.jar;C:\Users\Gaurang Dalvadi\.m2\repository\org\springframework\boot\spring-boot-autoconfigure\3.2.5\spring-boot-autoconfigure-3.2.5.jar;C:\Users\Gaurang Dalvadi\.m2\repository\com\mysql\mysql-connector-j\8.3.0\mysql-connector-j-8.3.0.jar;C:\Users\Gaurang Dalvadi\.m2\repository\org\modelmapper\modelmapper\3.1.0\modelmapper-3.1.0.jar;C:\Users\Gaurang Dalvadi\.m2\repository\org\projectlombok\lombok\1.18.32\lombok-1.18.32.jar;C:\Users\Gaurang Dalvadi\.m2\repository\jakarta\xml\bind\jakarta.xml.bind-api\4.0.2\jakarta.xml.bind-api-4.0.2.jar;C:\Users\Gaurang Dalvadi\.m2\repository\jakarta\activation\jakarta.activation-api\2.1.3\jakarta.activation-api-2.1.3.jar;C:\Users\Gaurang Dalvadi\.m2\repository\org\springframework\spring-core\6.1.6\spring-core-6.1.6.jar;C:\Users\Gaurang Dalvadi\.m2\repository\org\springframework\spring-jcl\6.1.6\spring-jcl-6.1.6.jar
Launcher Type: SUN_STANDARD

[Global flags]
     intx CICompilerCount                          = 4                                         {product} {ergonomic}
     uint ConcGCThreads                            = 2                                         {product} {ergonomic}
     uint G1ConcRefinementThreads                  = 8                                         {product} {ergonomic}
   size_t G1HeapRegionSize                         = 1048576                                   {product} {ergonomic}
    uintx GCDrainStackTargetSize                   = 64                                        {product} {ergonomic}
   size_t InitialHeapSize                          = 130023424                                 {product} {ergonomic}
     bool ManagementServer                         = true                                      {product} {command line}
   size_t MarkStackSize                            = 4194304                                   {product} {ergonomic}
   size_t MaxHeapSize                              = 2065694720                                {product} {ergonomic}
   size_t MaxNewSize                               = 1239416832                                {product} {ergonomic}
   size_t MinHeapDeltaBytes                        = 1048576                                   {product} {ergonomic}
   size_t MinHeapSize                              = 8388608                                   {product} {ergonomic}
    uintx NonNMethodCodeHeapSize                   = 4096                                   {pd product} {ergonomic}
    uintx NonProfiledCodeHeapSize                  = 0                                      {pd product} {ergonomic}
     bool ProfileInterpreter                       = false                                  {pd product} {command line}
    uintx ProfiledCodeHeapSize                     = 0                                      {pd product} {ergonomic}
     bool ShowCodeDetailsInExceptionMessages       = true                                   {manageable} {command line}
   size_t SoftMaxHeapSize                          = 2065694720                             {manageable} {ergonomic}
     intx TieredStopAtLevel                        = 1                                         {product} {command line}
     bool UseCompressedOops                        = true                           {product lp64_product} {ergonomic}
     bool UseG1GC                                  = true                                      {product} {ergonomic}
     bool UseLargePagesIndividualAllocation        = false                                  {pd product} {ergonomic}

Logging:
Log output configuration:
 #0: stdout all=warning uptime,level,tags foldmultilines=false
 #1: stderr all=off uptime,level,tags foldmultilines=false

Environment Variables:
PATH=C:/Users/Gaurang Dalvadi/Downloads/spring tool suite/sts-4.22.0.RELEASE//plugins/org.eclipse.justj.openjdk.hotspot.jre.full.win32.x86_64_17.0.10.v20240120-1143/jre/bin/server;C:/Users/Gaurang Dalvadi/Downloads/spring tool suite/sts-4.22.0.RELEASE//plugins/org.eclipse.justj.openjdk.hotspot.jre.full.win32.x86_64_17.0.10.v20240120-1143/jre/bin;C:\Program Files\Common Files\Oracle\Java\javapath;C:\WINDOWS\system32;C:\WINDOWS;C:\WINDOWS\System32\Wbem;C:\WINDOWS\System32\WindowsPowerShell\v1.0\;C:\WINDOWS\System32\OpenSSH\;C:\Program Files (x86)\Microsoft SQL Server\160\Tools\Binn\;C:\Program Files\Microsoft SQL Server\160\Tools\Binn\;C:\Program Files\Microsoft SQL Server\Client SDK\ODBC\170\Tools\Binn\;C:\Program Files\Microsoft SQL Server\160\DTS\Binn\;C:\Program Files\Java\jdk-21\bin;C:\Program Files\nodejs\;C:\Users\Gaurang Dalvadi\AppData\Local\Microsoft\WindowsApps;C:\Users\Gaurang Dalvadi\AppData\Local\Programs\Microsoft VS Code\bin;C:\Users\Gaurang Dalvadi\AppData\Local\Programs\Git\cmd;C:\Users\Gaurang Dalvadi\AppData\Roaming\npm;C:\Users\Gaurang Dalvadi\Downloads\spring tool suite\sts-4.22.0.RELEASE;
USERNAME=Gaurang Dalvadi
OS=Windows_NT
PROCESSOR_IDENTIFIER=Intel64 Family 6 Model 165 Stepping 3, GenuineIntel
TMP=C:\Users\GAURAN~1\AppData\Local\Temp
TEMP=C:\Users\GAURAN~1\AppData\Local\Temp




Periodic native trim disabled

---------------  S Y S T E M  ---------------

OS:
 Windows 11 , 64 bit Build 22621 (10.0.22621.3374)
OS uptime: 9 days 8:22 hours

CPU: total 8 (initial active 8) (4 cores per cpu, 2 threads per core) family 6 model 165 stepping 3 microcode 0xea, cx8, cmov, fxsr, ht, mmx, 3dnowpref, sse, sse2, sse3, ssse3, sse4.1, sse4.2, popcnt, lzcnt, tsc, tscinvbit, avx, avx2, aes, erms, clmul, bmi1, bmi2, adx, fma, vzeroupper, clflush, clflushopt, rdtscp, f16c
Processor Information for all 8 processors :
  Max Mhz: 3000, Current Mhz: 3000, Mhz Limit: 3000

Memory: 4k page, system-wide physical 7872M (1221M free)
TotalPageFile size 14016M (AvailPageFile size 2127M)
current process WorkingSet (physical memory assigned to process): 253M, peak: 255M
current process commit charge ("private bytes"): 294M, peak: 295M

vm_info: Java HotSpot(TM) 64-Bit Server VM (21.0.2+13-LTS-58) for windows-amd64 JRE (21.0.2+13-LTS-58), built on 2024-01-05T18:32:24Z by "mach5one" with MS VC++ 17.1 (VS2022)

END.
